2021-05-17 01:16:09,632 INFO Main function started
2021-05-17 01:16:15,091 INFO Starting Mining Thread
2021-05-17 01:16:15,092 INFO Starting Stats Thread
2021-05-17 01:16:16,844 INFO Last Processed Hash: b'bcecc1a1f599c158538bfac6b897a6c897587204'
2021-05-17 01:16:17,524 INFO Good Job
2021-05-17 01:16:17,678 INFO Last Processed Hash: b'bcecc1a1f599c158538bfac6b897a6c897587204'
2021-05-17 01:16:18,306 INFO Good Job
2021-05-17 01:16:19,710 INFO Last Processed Hash: b'bcecc1a1f599c158538bfac6b897a6c897587204'
2021-05-17 01:16:23,850 INFO Good Job
2021-05-17 01:16:24,787 INFO Last Processed Hash: b'bcecc1a1f599c158538bfac6b897a6c897587204'
2021-05-17 01:16:32,348 INFO Good Job
2021-05-17 01:16:32,501 INFO Last Processed Hash: b'bcecc1a1f599c158538bfac6b897a6c897587204'
2021-05-17 01:16:42,391 INFO Good Job
2021-05-17 01:16:43,645 INFO Last Processed Hash: b'bcecc1a1f599c158538bfac6b897a6c897587204'
2021-05-17 01:16:45,976 INFO Good Job
2021-05-17 01:16:46,644 INFO Last Processed Hash: b'bcecc1a1f599c158538bfac6b897a6c897587204'
2021-05-17 02:33:35,472 INFO Main function started
2021-05-17 02:33:42,345 INFO Starting Mining Thread
2021-05-17 02:33:42,345 INFO Starting Stats Thread
2021-05-17 02:33:42,907 INFO Last Processed Hash: b'bcecc1a1f599c158538bfac6b897a6c897587204'
2021-05-17 02:33:43,704 INFO Good Job
2021-05-17 02:33:45,334 INFO Last Processed Hash: b'bcecc1a1f599c158538bfac6b897a6c897587204'
2021-05-17 02:33:47,333 INFO Good Job
2021-05-17 02:33:48,116 INFO Last Processed Hash: b'bcecc1a1f599c158538bfac6b897a6c897587204'
2021-05-17 02:33:51,256 INFO Good Job
2021-05-17 02:33:53,300 INFO Last Processed Hash: b'bcecc1a1f599c158538bfac6b897a6c897587204'
2021-05-17 02:34:00,649 INFO Good Job
2021-05-17 02:34:01,649 INFO Last Processed Hash: b'bcecc1a1f599c158538bfac6b897a6c897587204'
2021-05-17 02:34:13,488 INFO Good Job
2021-05-17 02:34:15,844 INFO Last Processed Hash: b'bcecc1a1f599c158538bfac6b897a6c897587204'
2021-05-17 02:34:31,119 INFO Good Job
2021-05-17 02:34:32,103 INFO Last Processed Hash: b'bcecc1a1f599c158538bfac6b897a6c897587204'
2021-05-17 02:34:45,662 INFO Good Job
2021-05-17 02:34:46,429 INFO Last Processed Hash: b'bcecc1a1f599c158538bfac6b897a6c897587204'
2021-05-17 02:34:53,878 INFO Good Job
2021-05-17 02:34:55,452 INFO Last Processed Hash: b'bcecc1a1f599c158538bfac6b897a6c897587204'
2021-05-17 02:35:01,510 INFO Good Job
2021-05-17 02:35:02,091 INFO Last Processed Hash: b'bcecc1a1f599c158538bfac6b897a6c897587204'
2021-05-17 02:36:21,301 INFO Good Job
2021-05-17 02:36:23,476 INFO Last Processed Hash: b'bcecc1a1f599c158538bfac6b897a6c897587204'
2021-05-17 02:36:41,696 INFO Good Job
2021-05-17 02:36:43,055 INFO Last Processed Hash: b'bcecc1a1f599c158538bfac6b897a6c897587204'
2021-05-17 02:36:46,345 INFO Good Job
2021-05-17 02:36:46,782 INFO Last Processed Hash: b'bcecc1a1f599c158538bfac6b897a6c897587204'
2021-05-17 02:37:16,104 INFO Good Job
2021-05-17 02:37:16,417 INFO Last Processed Hash: b'bcecc1a1f599c158538bfac6b897a6c897587204'
2021-05-17 02:37:36,946 INFO Good Job
2021-05-17 02:37:39,105 INFO Last Processed Hash: b'bcecc1a1f599c158538bfac6b897a6c897587204'
2021-05-17 02:37:56,818 INFO Good Job
2021-05-17 02:37:57,740 INFO Last Processed Hash: b'bcecc1a1f599c158538bfac6b897a6c897587204'
2021-05-17 02:38:25,336 INFO Good Job
2021-05-17 02:38:26,508 INFO Last Processed Hash: b'bcecc1a1f599c158538bfac6b897a6c897587204'
2021-05-17 02:38:39,889 INFO Good Job
2021-05-17 02:38:40,935 INFO Last Processed Hash: b'bcecc1a1f599c158538bfac6b897a6c897587204'
2021-05-17 02:39:04,495 INFO Good Job
2021-05-17 02:39:06,045 INFO Last Processed Hash: b'bcecc1a1f599c158538bfac6b897a6c897587204'
2021-05-17 02:39:11,117 INFO Good Job
2021-05-17 02:39:11,841 INFO Last Processed Hash: b'bcecc1a1f599c158538bfac6b897a6c897587204'
2021-05-17 02:40:11,308 INFO Good Job
2021-05-17 02:40:11,858 INFO Last Processed Hash: b'bcecc1a1f599c158538bfac6b897a6c897587204'
2021-05-17 02:40:16,310 INFO Good Job
2021-05-17 02:40:17,720 INFO Last Processed Hash: b'bcecc1a1f599c158538bfac6b897a6c897587204'
2021-05-17 02:40:18,517 INFO Good Job
2021-05-17 02:40:19,267 INFO Last Processed Hash: b'bcecc1a1f599c158538bfac6b897a6c897587204'
2021-05-17 02:40:58,698 INFO Good Job
2021-05-17 02:40:59,979 INFO Last Processed Hash: b'bcecc1a1f599c158538bfac6b897a6c897587204'
2021-05-17 02:41:04,462 INFO Good Job
2021-05-17 02:41:04,681 INFO Last Processed Hash: b'bcecc1a1f599c158538bfac6b897a6c897587204'
2021-05-17 02:41:12,947 INFO Good Job
2021-05-17 02:41:14,228 INFO Last Processed Hash: b'bcecc1a1f599c158538bfac6b897a6c897587204'
2021-05-17 02:41:44,377 INFO Good Job
2021-05-17 02:41:45,330 INFO Last Processed Hash: b'bcecc1a1f599c158538bfac6b897a6c897587204'
2021-05-17 02:42:12,890 INFO Good Job
2021-05-17 02:42:14,765 INFO Last Processed Hash: b'bcecc1a1f599c158538bfac6b897a6c897587204'
2021-05-17 02:42:18,873 INFO Good Job
2021-05-17 02:42:19,264 INFO Last Processed Hash: b'bcecc1a1f599c158538bfac6b897a6c897587204'
2021-05-17 02:42:45,742 INFO Good Job
2021-05-17 02:42:47,164 INFO Last Processed Hash: b'bcecc1a1f599c158538bfac6b897a6c897587204'
2021-05-17 02:43:12,650 INFO Good Job
2021-05-17 02:43:14,071 INFO Last Processed Hash: b'bcecc1a1f599c158538bfac6b897a6c897587204'
2021-05-17 02:43:30,849 INFO Good Job
2021-05-17 02:43:33,129 INFO Last Processed Hash: b'bcecc1a1f599c158538bfac6b897a6c897587204'
2021-05-17 02:44:02,201 INFO Good Job
2021-05-17 02:44:03,763 INFO Last Processed Hash: b'bcecc1a1f599c158538bfac6b897a6c897587204'
2021-05-17 02:44:09,636 INFO Good Job
2021-05-17 02:44:10,995 INFO Last Processed Hash: b'bcecc1a1f599c158538bfac6b897a6c897587204'
2021-05-17 02:44:35,052 INFO Good Job
2021-05-17 02:44:35,209 INFO Last Processed Hash: b'bcecc1a1f599c158538bfac6b897a6c897587204'
2021-05-17 02:44:56,969 INFO Good Job
2021-05-17 02:44:57,125 INFO Last Processed Hash: b'bcecc1a1f599c158538bfac6b897a6c897587204'
2021-05-17 02:45:23,404 INFO Good Job
2021-05-17 02:45:24,982 INFO Last Processed Hash: b'bcecc1a1f599c158538bfac6b897a6c897587204'
2021-05-17 02:45:30,731 INFO Good Job
2021-05-17 02:45:32,402 INFO Last Processed Hash: b'bcecc1a1f599c158538bfac6b897a6c897587204'
2021-05-17 02:46:03,801 INFO Good Job
2021-05-17 02:46:04,848 INFO Last Processed Hash: b'bcecc1a1f599c158538bfac6b897a6c897587204'
2021-05-17 02:46:22,754 INFO Good Job
2021-05-17 02:46:24,254 INFO Last Processed Hash: b'bcecc1a1f599c158538bfac6b897a6c897587204'
2021-05-17 02:46:30,112 INFO Good Job
2021-05-17 02:46:31,439 INFO Last Processed Hash: b'bcecc1a1f599c158538bfac6b897a6c897587204'
2021-05-17 02:47:01,292 INFO Good Job
2021-05-17 02:47:02,745 INFO Last Processed Hash: b'bcecc1a1f599c158538bfac6b897a6c897587204'
2021-05-17 02:47:03,401 INFO Good Job
2021-05-17 02:47:05,478 INFO Last Processed Hash: b'bcecc1a1f599c158538bfac6b897a6c897587204'
2021-05-17 02:47:50,853 INFO Good Job
2021-05-17 02:47:52,009 INFO Last Processed Hash: b'bcecc1a1f599c158538bfac6b897a6c897587204'
2021-05-17 02:47:59,570 INFO Good Job
2021-05-17 02:48:01,850 INFO Last Processed Hash: b'bcecc1a1f599c158538bfac6b897a6c897587204'
2021-05-17 02:48:49,338 INFO Good Job
2021-05-17 02:48:50,385 INFO Last Processed Hash: b'bcecc1a1f599c158538bfac6b897a6c897587204'
2021-05-17 02:48:56,993 INFO Good Job
2021-05-17 02:48:57,727 INFO Last Processed Hash: b'bcecc1a1f599c158538bfac6b897a6c897587204'
2021-05-17 02:49:11,321 INFO Good Job
2021-05-17 02:49:11,665 INFO Last Processed Hash: b'bcecc1a1f599c158538bfac6b897a6c897587204'
2021-05-17 02:49:50,814 INFO Good Job
2021-05-17 02:49:52,767 INFO Last Processed Hash: b'bcecc1a1f599c158538bfac6b897a6c897587204'
2021-05-17 02:50:02,124 INFO Good Job
2021-05-17 02:50:02,405 INFO Last Processed Hash: b'bcecc1a1f599c158538bfac6b897a6c897587204'
2021-05-17 02:50:14,261 INFO Good Job
2021-05-17 02:50:16,011 INFO Last Processed Hash: b'bcecc1a1f599c158538bfac6b897a6c897587204'
2021-05-17 02:50:35,335 INFO Good Job
2021-05-17 02:50:36,381 INFO Last Processed Hash: b'bcecc1a1f599c158538bfac6b897a6c897587204'
2021-05-17 02:50:48,613 INFO Good Job
2021-05-17 02:50:50,284 INFO Last Processed Hash: b'bcecc1a1f599c158538bfac6b897a6c897587204'
2021-05-17 02:51:08,374 INFO Good Job
2021-05-17 02:51:08,999 INFO Last Processed Hash: b'bcecc1a1f599c158538bfac6b897a6c897587204'
2021-05-17 02:51:36,602 INFO Good Job
2021-05-17 02:51:37,930 INFO Last Processed Hash: b'bcecc1a1f599c158538bfac6b897a6c897587204'
2021-05-17 02:51:52,395 INFO Good Job
2021-05-17 02:51:52,614 INFO Last Processed Hash: b'bcecc1a1f599c158538bfac6b897a6c897587204'
2021-05-17 02:52:16,090 INFO Good Job
2021-05-17 02:52:16,246 INFO Last Processed Hash: b'bcecc1a1f599c158538bfac6b897a6c897587204'
2021-05-17 02:52:18,683 INFO Good Job
2021-05-17 02:52:20,152 INFO Last Processed Hash: b'bcecc1a1f599c158538bfac6b897a6c897587204'
2021-05-17 02:52:41,819 INFO Good Job
2021-05-17 02:52:43,428 INFO Last Processed Hash: b'bcecc1a1f599c158538bfac6b897a6c897587204'
2021-05-17 02:52:51,035 INFO Good Job
2021-05-17 02:52:52,535 INFO Last Processed Hash: b'bcecc1a1f599c158538bfac6b897a6c897587204'
2021-05-17 02:52:59,330 INFO Good Job
2021-05-17 02:53:00,189 INFO Last Processed Hash: b'bcecc1a1f599c158538bfac6b897a6c897587204'
2021-05-17 02:56:47,922 INFO Last Processed Hash: b'bcecc1a1f599c158538bfac6b897a6c897587204'
2021-05-17 02:56:49,765 INFO Good Job
2021-05-17 02:56:50,687 INFO Last Processed Hash: b'bcecc1a1f599c158538bfac6b897a6c897587204'
2021-05-17 02:56:51,879 INFO Good Job
2021-05-17 02:56:52,051 INFO Last Processed Hash: b'bcecc1a1f599c158538bfac6b897a6c897587204'
2021-05-17 02:56:52,957 INFO Good Job
2021-05-17 02:56:53,113 INFO Last Processed Hash: b'bcecc1a1f599c158538bfac6b897a6c897587204'
2021-05-17 02:56:57,462 INFO Good Job
2021-05-17 02:56:58,993 INFO Last Processed Hash: b'bcecc1a1f599c158538bfac6b897a6c897587204'
2021-05-17 02:57:09,506 INFO Good Job
2021-05-17 02:57:10,303 INFO Last Processed Hash: b'bcecc1a1f599c158538bfac6b897a6c897587204'
2021-05-17 02:57:22,373 INFO Good Job
2021-05-17 02:57:23,295 INFO Last Processed Hash: b'bcecc1a1f599c158538bfac6b897a6c897587204'
2021-05-17 02:57:49,023 INFO Good Job
2021-05-17 02:57:49,976 INFO Last Processed Hash: b'bcecc1a1f599c158538bfac6b897a6c897587204'
2021-05-17 02:57:53,006 INFO Good Job
2021-05-17 02:57:53,272 INFO Last Processed Hash: b'bcecc1a1f599c158538bfac6b897a6c897587204'
2021-05-17 02:58:32,730 INFO Good Job
2021-05-17 02:58:34,011 INFO Last Processed Hash: b'bcecc1a1f599c158538bfac6b897a6c897587204'
2021-05-17 02:58:40,775 INFO Good Job
2021-05-17 02:58:41,587 INFO Last Processed Hash: b'bcecc1a1f599c158538bfac6b897a6c897587204'
2021-05-17 02:58:48,866 INFO Good Job
2021-05-17 02:58:49,710 INFO Last Processed Hash: b'bcecc1a1f599c158538bfac6b897a6c897587204'
2021-05-17 02:59:00,676 INFO Good Job
2021-05-17 02:59:02,535 INFO Last Processed Hash: b'bcecc1a1f599c158538bfac6b897a6c897587204'
2021-05-17 02:59:03,769 INFO Good Job
2021-05-17 02:59:04,675 INFO Last Processed Hash: b'bcecc1a1f599c158538bfac6b897a6c897587204'
2021-05-17 03:00:07,280 INFO Good Job
2021-05-17 03:00:08,671 INFO Last Processed Hash: b'bcecc1a1f599c158538bfac6b897a6c897587204'
2021-05-17 03:00:17,653 INFO Good Job
2021-05-17 03:00:18,731 INFO Last Processed Hash: b'bcecc1a1f599c158538bfac6b897a6c897587204'
2021-05-17 03:00:28,260 INFO Good Job
2021-05-17 03:00:29,963 INFO Last Processed Hash: b'bcecc1a1f599c158538bfac6b897a6c897587204'
2021-05-17 03:01:26,392 INFO Good Job
2021-05-17 03:01:26,767 INFO Last Processed Hash: b'bcecc1a1f599c158538bfac6b897a6c897587204'
2021-05-17 03:01:37,061 INFO Good Job
2021-05-17 03:01:37,952 INFO Last Processed Hash: b'bcecc1a1f599c158538bfac6b897a6c897587204'
2021-05-17 03:01:54,895 INFO Good Job
2021-05-17 03:01:55,380 INFO Last Processed Hash: b'bcecc1a1f599c158538bfac6b897a6c897587204'
2021-05-17 03:02:27,829 INFO Good Job
2021-05-17 03:02:29,298 INFO Last Processed Hash: b'bcecc1a1f599c158538bfac6b897a6c897587204'
2021-05-17 03:02:44,544 INFO Good Job
2021-05-17 03:02:45,591 INFO Last Processed Hash: b'bcecc1a1f599c158538bfac6b897a6c897587204'
2021-05-17 03:03:05,758 INFO Good Job
2021-05-17 03:03:06,664 INFO Last Processed Hash: b'bcecc1a1f599c158538bfac6b897a6c897587204'
2021-05-17 03:03:26,945 INFO Good Job
2021-05-17 03:03:28,241 INFO Last Processed Hash: b'bcecc1a1f599c158538bfac6b897a6c897587204'
2021-05-17 03:03:39,551 INFO Good Job
2021-05-17 03:03:41,113 INFO Last Processed Hash: b'bcecc1a1f599c158538bfac6b897a6c897587204'
2021-05-17 03:04:11,308 INFO Good Job
2021-05-17 03:04:11,980 INFO Last Processed Hash: b'bcecc1a1f599c158538bfac6b897a6c897587204'
2021-05-17 03:04:27,976 INFO Good Job
2021-05-17 03:04:28,398 INFO Last Processed Hash: b'bcecc1a1f599c158538bfac6b897a6c897587204'
2021-05-17 03:04:49,986 INFO Good Job
2021-05-17 03:04:50,174 INFO Last Processed Hash: b'bcecc1a1f599c158538bfac6b897a6c897587204'
2021-05-17 03:04:51,080 INFO Good Job
2021-05-17 03:04:51,220 INFO Last Processed Hash: b'bcecc1a1f599c158538bfac6b897a6c897587204'
2021-05-17 03:05:19,022 INFO Good Job
2021-05-17 03:05:20,459 INFO Last Processed Hash: b'bcecc1a1f599c158538bfac6b897a6c897587204'
2021-05-17 03:05:55,685 INFO Good Job
2021-05-17 03:05:56,748 INFO Last Processed Hash: b'bcecc1a1f599c158538bfac6b897a6c897587204'
2021-05-17 03:06:06,386 INFO Good Job
2021-05-17 03:06:07,605 INFO Last Processed Hash: b'bcecc1a1f599c158538bfac6b897a6c897587204'
2021-05-17 03:06:17,737 INFO Good Job
2021-05-17 03:06:17,941 INFO Last Processed Hash: b'bcecc1a1f599c158538bfac6b897a6c897587204'
2021-05-17 03:06:21,408 INFO Good Job
2021-05-17 03:06:22,596 INFO Last Processed Hash: b'bcecc1a1f599c158538bfac6b897a6c897587204'
2021-05-17 03:07:02,242 INFO Good Job
2021-05-17 03:07:02,461 INFO Last Processed Hash: b'bcecc1a1f599c158538bfac6b897a6c897587204'
2021-05-17 03:07:12,398 INFO Good Job
2021-05-17 03:07:13,492 INFO Last Processed Hash: b'bcecc1a1f599c158538bfac6b897a6c897587204'
2021-05-17 03:07:20,224 INFO Good Job
2021-05-17 03:07:21,021 INFO Last Processed Hash: b'bcecc1a1f599c158538bfac6b897a6c897587204'
2021-05-17 03:07:38,314 INFO Good Job
2021-05-17 03:07:39,095 INFO Last Processed Hash: b'bcecc1a1f599c158538bfac6b897a6c897587204'
2021-05-17 03:08:15,016 INFO Good Job
2021-05-17 03:08:16,687 INFO Last Processed Hash: b'bcecc1a1f599c158538bfac6b897a6c897587204'
2021-05-17 03:08:34,496 INFO Good Job
2021-05-17 03:08:35,417 INFO Last Processed Hash: b'bcecc1a1f599c158538bfac6b897a6c897587204'
2021-05-17 03:08:50,721 INFO Good Job
2021-05-17 03:08:51,456 INFO Last Processed Hash: b'bcecc1a1f599c158538bfac6b897a6c897587204'
2021-05-17 03:08:53,143 INFO Good Job
2021-05-17 03:08:53,783 INFO Last Processed Hash: b'bcecc1a1f599c158538bfac6b897a6c897587204'
2021-05-17 03:09:16,429 INFO Good Job
2021-05-17 03:09:16,913 INFO Last Processed Hash: b'bcecc1a1f599c158538bfac6b897a6c897587204'
2021-05-17 03:09:50,889 INFO Good Job
2021-05-17 03:09:51,514 INFO Last Processed Hash: b'bcecc1a1f599c158538bfac6b897a6c897587204'
2021-05-17 03:09:58,325 INFO Good Job
2021-05-17 03:09:59,825 INFO Last Processed Hash: b'bcecc1a1f599c158538bfac6b897a6c897587204'
2021-05-17 03:10:09,213 INFO Good Job
2021-05-17 03:10:09,447 INFO Last Processed Hash: b'bcecc1a1f599c158538bfac6b897a6c897587204'
2021-05-17 03:10:54,710 INFO Good Job
2021-05-17 03:10:55,225 INFO Last Processed Hash: b'bcecc1a1f599c158538bfac6b897a6c897587204'
2021-05-17 03:11:21,188 INFO Good Job
2021-05-17 03:11:21,719 INFO Last Processed Hash: b'bcecc1a1f599c158538bfac6b897a6c897587204'
2021-05-17 03:11:25,593 INFO Good Job
2021-05-17 03:11:26,218 INFO Last Processed Hash: b'bcecc1a1f599c158538bfac6b897a6c897587204'
2021-05-17 03:11:50,322 INFO Good Job
2021-05-17 03:11:51,400 INFO Last Processed Hash: b'bcecc1a1f599c158538bfac6b897a6c897587204'
2021-05-17 03:12:28,489 INFO Good Job
2021-05-17 03:12:29,005 INFO Last Processed Hash: b'bcecc1a1f599c158538bfac6b897a6c897587204'
2021-05-17 03:12:30,348 INFO Good Job
2021-05-17 03:12:31,395 INFO Last Processed Hash: b'bcecc1a1f599c158538bfac6b897a6c897587204'
2021-05-17 03:12:44,329 INFO Good Job
2021-05-17 03:12:45,720 INFO Last Processed Hash: b'bcecc1a1f599c158538bfac6b897a6c897587204'
2021-05-17 03:12:52,921 INFO Good Job
2021-05-17 03:12:53,171 INFO Last Processed Hash: b'bcecc1a1f599c158538bfac6b897a6c897587204'
2021-05-17 03:13:32,503 INFO Good Job
2021-05-17 03:13:32,659 INFO Last Processed Hash: b'bcecc1a1f599c158538bfac6b897a6c897587204'
2021-05-17 03:13:41,563 INFO Good Job
2021-05-17 03:13:42,735 INFO Last Processed Hash: b'bcecc1a1f599c158538bfac6b897a6c897587204'
2021-05-17 03:13:50,795 INFO Good Job
2021-05-17 03:13:51,701 INFO Last Processed Hash: b'bcecc1a1f599c158538bfac6b897a6c897587204'
2021-05-17 03:14:05,536 INFO Good Job
2021-05-17 03:14:07,208 INFO Last Processed Hash: b'bcecc1a1f599c158538bfac6b897a6c897587204'
2021-05-17 03:14:12,238 INFO Good Job
2021-05-17 03:14:12,722 INFO Last Processed Hash: b'bcecc1a1f599c158538bfac6b897a6c897587204'
2021-05-17 03:14:28,609 INFO Good Job
2021-05-17 03:14:29,077 INFO Last Processed Hash: b'bcecc1a1f599c158538bfac6b897a6c897587204'
2021-05-17 03:15:36,567 INFO Good Job
2021-05-17 03:15:36,723 INFO Last Processed Hash: b'bcecc1a1f599c158538bfac6b897a6c897587204'
2021-05-17 03:15:41,878 INFO Good Job
2021-05-17 03:15:43,237 INFO Last Processed Hash: b'bcecc1a1f599c158538bfac6b897a6c897587204'
2021-05-17 03:16:32,902 INFO Good Job
2021-05-17 03:16:33,870 INFO Last Processed Hash: b'bcecc1a1f599c158538bfac6b897a6c897587204'
2021-05-17 03:16:39,135 INFO Good Job
2021-05-17 03:16:40,540 INFO Last Processed Hash: b'bcecc1a1f599c158538bfac6b897a6c897587204'
2021-05-17 03:17:04,347 INFO Good Job
2021-05-17 03:17:05,019 INFO Last Processed Hash: b'bcecc1a1f599c158538bfac6b897a6c897587204'
2021-05-17 03:17:30,985 INFO Good Job
2021-05-17 03:17:31,860 INFO Last Processed Hash: b'bcecc1a1f599c158538bfac6b897a6c897587204'
2021-05-17 03:17:36,781 INFO Good Job
2021-05-17 03:17:37,203 INFO Last Processed Hash: b'bcecc1a1f599c158538bfac6b897a6c897587204'
2021-05-17 03:18:21,207 INFO Good Job
2021-05-17 03:18:21,754 INFO Last Processed Hash: b'bcecc1a1f599c158538bfac6b897a6c897587204'
2021-05-17 03:18:22,816 INFO Good Job
2021-05-17 03:18:24,128 INFO Last Processed Hash: b'bcecc1a1f599c158538bfac6b897a6c897587204'
2021-05-17 03:18:24,300 INFO Good Job
2021-05-17 03:18:24,940 INFO Last Processed Hash: b'bcecc1a1f599c158538bfac6b897a6c897587204'
2021-05-17 03:18:25,143 INFO Good Job
2021-05-17 03:18:26,034 INFO Last Processed Hash: b'bcecc1a1f599c158538bfac6b897a6c897587204'
2021-05-17 03:18:27,252 INFO Good Job
2021-05-17 03:18:29,017 INFO Last Processed Hash: b'bcecc1a1f599c158538bfac6b897a6c897587204'
2021-05-17 03:18:29,752 INFO Good Job
2021-05-17 03:18:30,048 INFO Last Processed Hash: b'bcecc1a1f599c158538bfac6b897a6c897587204'
2021-05-17 03:18:31,220 INFO Good Job
2021-05-17 03:18:31,392 INFO Last Processed Hash: b'bcecc1a1f599c158538bfac6b897a6c897587204'
2021-05-17 03:18:32,064 INFO Good Job
2021-05-17 03:18:32,220 INFO Last Processed Hash: b'bcecc1a1f599c158538bfac6b897a6c897587204'
2021-05-17 03:18:34,407 INFO Good Job
2021-05-17 03:18:35,860 INFO Last Processed Hash: b'bcecc1a1f599c158538bfac6b897a6c897587204'
2021-05-17 03:18:37,859 INFO Good Job
2021-05-17 03:18:38,796 INFO Last Processed Hash: b'bcecc1a1f599c158538bfac6b897a6c897587204'
2021-05-17 03:18:43,795 INFO Good Job
2021-05-17 03:18:44,670 INFO Last Processed Hash: b'bcecc1a1f599c158538bfac6b897a6c897587204'
2021-05-17 03:18:54,230 INFO Good Job
2021-05-17 03:18:55,948 INFO Last Processed Hash: b'bcecc1a1f599c158538bfac6b897a6c897587204'
2021-05-17 03:19:14,194 INFO Good Job
2021-05-17 03:19:14,350 INFO Last Processed Hash: b'bcecc1a1f599c158538bfac6b897a6c897587204'
2021-05-17 03:19:19,646 INFO Good Job
2021-05-17 03:19:20,724 INFO Last Processed Hash: b'bcecc1a1f599c158538bfac6b897a6c897587204'
2021-05-17 03:19:26,129 INFO Good Job
2021-05-17 03:19:27,269 INFO Last Processed Hash: b'bcecc1a1f599c158538bfac6b897a6c897587204'
2021-05-17 03:20:08,051 INFO Good Job
2021-05-17 03:20:08,566 INFO Last Processed Hash: b'bcecc1a1f599c158538bfac6b897a6c897587204'
2021-05-17 03:20:12,555 INFO Good Job
2021-05-17 03:20:13,024 INFO Last Processed Hash: b'bcecc1a1f599c158538bfac6b897a6c897587204'
2021-05-17 03:20:26,661 INFO Good Job
2021-05-17 03:20:26,802 INFO Last Processed Hash: b'bcecc1a1f599c158538bfac6b897a6c897587204'
2021-05-17 03:20:31,067 INFO Good Job
2021-05-17 03:20:32,238 INFO Last Processed Hash: b'bcecc1a1f599c158538bfac6b897a6c897587204'
2021-05-17 03:20:39,455 INFO Good Job
2021-05-17 03:20:39,783 INFO Last Processed Hash: b'bcecc1a1f599c158538bfac6b897a6c897587204'
2021-05-17 03:21:12,373 INFO Good Job
2021-05-17 03:21:13,139 INFO Last Processed Hash: b'bcecc1a1f599c158538bfac6b897a6c897587204'
2021-05-17 03:21:36,055 INFO Good Job
2021-05-17 03:21:36,477 INFO Last Processed Hash: b'bcecc1a1f599c158538bfac6b897a6c897587204'
2021-05-17 03:21:52,161 INFO Good Job
2021-05-17 03:21:53,270 INFO Last Processed Hash: b'bcecc1a1f599c158538bfac6b897a6c897587204'
2021-05-17 03:22:18,248 INFO Good Job
2021-05-17 03:22:19,560 INFO Last Processed Hash: b'bcecc1a1f599c158538bfac6b897a6c897587204'
2021-05-17 03:22:54,318 INFO Good Job
2021-05-17 03:22:55,615 INFO Last Processed Hash: b'bcecc1a1f599c158538bfac6b897a6c897587204'
2021-05-17 03:23:12,490 INFO Good Job
2021-05-17 03:23:13,646 INFO Last Processed Hash: b'bcecc1a1f599c158538bfac6b897a6c897587204'
2021-05-17 03:23:17,614 INFO Good Job
2021-05-17 03:23:19,488 INFO Last Processed Hash: b'bcecc1a1f599c158538bfac6b897a6c897587204'
2021-05-17 03:23:30,902 INFO Good Job
2021-05-17 03:23:32,824 INFO Last Processed Hash: b'bcecc1a1f599c158538bfac6b897a6c897587204'
2021-05-17 03:24:18,407 INFO Good Job
2021-05-17 03:24:19,719 INFO Last Processed Hash: b'bcecc1a1f599c158538bfac6b897a6c897587204'
2021-05-17 03:24:30,951 INFO Good Job
2021-05-17 03:24:31,857 INFO Last Processed Hash: b'bcecc1a1f599c158538bfac6b897a6c897587204'
2021-05-17 03:24:54,679 INFO Good Job
2021-05-17 03:24:55,086 INFO Last Processed Hash: b'bcecc1a1f599c158538bfac6b897a6c897587204'
2021-05-17 03:25:32,618 INFO Good Job
2021-05-17 03:25:33,103 INFO Last Processed Hash: b'bcecc1a1f599c158538bfac6b897a6c897587204'
2021-05-17 03:25:37,820 INFO Good Job
2021-05-17 03:25:38,383 INFO Last Processed Hash: b'bcecc1a1f599c158538bfac6b897a6c897587204'
2021-05-17 03:25:43,944 INFO Good Job
2021-05-17 03:25:45,928 INFO Last Processed Hash: b'bcecc1a1f599c158538bfac6b897a6c897587204'
2021-05-17 03:25:52,020 INFO Good Job
2021-05-17 03:25:53,363 INFO Last Processed Hash: b'bcecc1a1f599c158538bfac6b897a6c897587204'
2021-05-17 03:26:04,002 INFO Good Job
2021-05-17 03:26:04,517 INFO Last Processed Hash: b'bcecc1a1f599c158538bfac6b897a6c897587204'
2021-05-17 03:26:53,914 INFO Good Job
2021-05-17 03:26:55,335 INFO Last Processed Hash: b'bcecc1a1f599c158538bfac6b897a6c897587204'
2021-05-17 03:27:08,973 INFO Good Job
2021-05-17 03:27:10,644 INFO Last Processed Hash: b'bcecc1a1f599c158538bfac6b897a6c897587204'
2021-05-17 03:27:37,763 INFO Good Job
2021-05-17 03:27:39,575 INFO Last Processed Hash: b'bcecc1a1f599c158538bfac6b897a6c897587204'
2021-05-17 03:27:58,229 INFO Good Job
2021-05-17 03:27:59,979 INFO Last Processed Hash: b'bcecc1a1f599c158538bfac6b897a6c897587204'
2021-05-17 03:28:40,226 INFO Good Job
2021-05-17 03:28:41,053 INFO Last Processed Hash: b'bcecc1a1f599c158538bfac6b897a6c897587204'
2021-05-17 03:28:44,641 INFO Good Job
2021-05-17 03:28:46,000 INFO Last Processed Hash: b'bcecc1a1f599c158538bfac6b897a6c897587204'
2021-05-17 03:28:51,577 INFO Good Job
2021-05-17 03:28:53,014 INFO Last Processed Hash: b'bcecc1a1f599c158538bfac6b897a6c897587204'
2021-05-17 03:29:06,964 INFO Good Job
2021-05-17 03:29:07,573 INFO Last Processed Hash: b'bcecc1a1f599c158538bfac6b897a6c897587204'
2021-05-17 03:29:37,824 INFO Good Job
2021-05-17 03:29:38,324 INFO Last Processed Hash: b'bcecc1a1f599c158538bfac6b897a6c897587204'
2021-05-17 03:29:46,041 INFO Good Job
2021-05-17 03:29:46,182 INFO Last Processed Hash: b'bcecc1a1f599c158538bfac6b897a6c897587204'
2021-05-17 03:30:19,909 INFO Good Job
2021-05-17 03:30:20,894 INFO Last Processed Hash: b'bcecc1a1f599c158538bfac6b897a6c897587204'
2021-05-17 03:30:36,531 INFO Good Job
2021-05-17 03:30:37,062 INFO Last Processed Hash: b'bcecc1a1f599c158538bfac6b897a6c897587204'
2021-05-17 03:30:55,057 INFO Good Job
2021-05-17 03:30:55,760 INFO Last Processed Hash: b'bcecc1a1f599c158538bfac6b897a6c897587204'
2021-05-17 03:31:02,665 INFO Good Job
2021-05-17 03:31:03,993 INFO Last Processed Hash: b'bcecc1a1f599c158538bfac6b897a6c897587204'
2021-05-17 03:31:32,870 INFO Good Job
2021-05-17 03:31:33,776 INFO Last Processed Hash: b'bcecc1a1f599c158538bfac6b897a6c897587204'
2021-05-17 03:31:39,681 INFO Good Job
2021-05-17 03:31:40,119 INFO Last Processed Hash: b'bcecc1a1f599c158538bfac6b897a6c897587204'
2021-05-17 03:31:44,867 INFO Good Job
2021-05-17 03:31:46,758 INFO Last Processed Hash: b'bcecc1a1f599c158538bfac6b897a6c897587204'
2021-05-17 03:31:54,272 INFO Good Job
2021-05-17 03:31:55,849 INFO Last Processed Hash: b'bcecc1a1f599c158538bfac6b897a6c897587204'
2021-05-17 03:33:44,427 INFO Last Processed Hash: b'bcecc1a1f599c158538bfac6b897a6c897587204'
2021-05-17 03:33:45,536 INFO Good Job
2021-05-17 03:33:46,661 INFO Last Processed Hash: b'bcecc1a1f599c158538bfac6b897a6c897587204'
2021-05-17 03:33:48,129 INFO Good Job
2021-05-17 03:33:48,301 INFO Last Processed Hash: b'bcecc1a1f599c158538bfac6b897a6c897587204'
2021-05-17 03:33:51,956 INFO Good Job
2021-05-17 03:33:52,378 INFO Last Processed Hash: b'bcecc1a1f599c158538bfac6b897a6c897587204'
2021-05-17 03:33:58,830 INFO Good Job
2021-05-17 03:33:59,392 INFO Last Processed Hash: b'bcecc1a1f599c158538bfac6b897a6c897587204'
2021-05-17 03:34:09,608 INFO Good Job
2021-05-17 03:34:09,780 INFO Last Processed Hash: b'bcecc1a1f599c158538bfac6b897a6c897587204'
2021-05-17 03:34:19,919 INFO Good Job
2021-05-17 03:34:21,418 INFO Last Processed Hash: b'bcecc1a1f599c158538bfac6b897a6c897587204'
2021-05-17 03:34:30,213 INFO Good Job
2021-05-17 03:34:30,354 INFO Last Processed Hash: b'bcecc1a1f599c158538bfac6b897a6c897587204'
2021-05-17 03:34:58,956 INFO Good Job
2021-05-17 03:34:59,628 INFO Last Processed Hash: b'bcecc1a1f599c158538bfac6b897a6c897587204'
2021-05-17 03:35:19,260 INFO Good Job
2021-05-17 03:35:19,853 INFO Last Processed Hash: b'bcecc1a1f599c158538bfac6b897a6c897587204'
2021-05-17 03:35:41,348 INFO Good Job
2021-05-17 03:35:42,161 INFO Last Processed Hash: b'bcecc1a1f599c158538bfac6b897a6c897587204'
2021-05-17 03:35:46,675 INFO Good Job
2021-05-17 03:35:47,128 INFO Last Processed Hash: b'bcecc1a1f599c158538bfac6b897a6c897587204'
2021-05-17 03:35:50,815 INFO Good Job
2021-05-17 03:35:50,971 INFO Last Processed Hash: b'bcecc1a1f599c158538bfac6b897a6c897587204'
2021-05-17 03:37:20,553 INFO Good Job
2021-05-17 03:37:21,506 INFO Last Processed Hash: b'bcecc1a1f599c158538bfac6b897a6c897587204'
2021-05-17 03:37:25,146 INFO Good Job
2021-05-17 03:37:25,302 INFO Last Processed Hash: b'bcecc1a1f599c158538bfac6b897a6c897587204'
2021-05-17 03:37:38,830 INFO Good Job
2021-05-17 03:37:39,252 INFO Last Processed Hash: b'bcecc1a1f599c158538bfac6b897a6c897587204'
2021-05-17 03:38:38,310 INFO Good Job
2021-05-17 03:38:38,482 INFO Last Processed Hash: b'bcecc1a1f599c158538bfac6b897a6c897587204'
2021-05-17 03:38:48,292 INFO Good Job
2021-05-17 03:38:49,745 INFO Last Processed Hash: b'bcecc1a1f599c158538bfac6b897a6c897587204'
2021-05-17 03:39:03,445 INFO Good Job
2021-05-17 03:39:04,960 INFO Last Processed Hash: b'bcecc1a1f599c158538bfac6b897a6c897587204'
2021-05-17 03:39:17,535 INFO Good Job
2021-05-17 03:39:18,941 INFO Last Processed Hash: b'bcecc1a1f599c158538bfac6b897a6c897587204'
2021-05-17 03:40:09,902 INFO Good Job
2021-05-17 03:40:11,519 INFO Last Processed Hash: b'bcecc1a1f599c158538bfac6b897a6c897587204'
2021-05-17 03:40:25,001 INFO Good Job
2021-05-17 03:40:26,469 INFO Last Processed Hash: b'bcecc1a1f599c158538bfac6b897a6c897587204'
2021-05-17 03:40:29,500 INFO Good Job
2021-05-17 03:40:29,656 INFO Last Processed Hash: b'bcecc1a1f599c158538bfac6b897a6c897587204'
2021-05-17 03:40:37,888 INFO Good Job
2021-05-17 03:40:38,044 INFO Last Processed Hash: b'bcecc1a1f599c158538bfac6b897a6c897587204'
2021-05-17 03:42:16,886 INFO Last Processed Hash: b'bcecc1a1f599c158538bfac6b897a6c897587204'
2021-05-17 03:42:18,619 INFO Good Job
2021-05-17 03:42:20,025 INFO Last Processed Hash: b'bcecc1a1f599c158538bfac6b897a6c897587204'
2021-05-17 03:42:22,603 INFO Good Job
2021-05-17 03:42:23,509 INFO Last Processed Hash: b'bcecc1a1f599c158538bfac6b897a6c897587204'
2021-05-17 03:42:25,477 INFO Good Job
2021-05-17 03:42:26,102 INFO Last Processed Hash: b'bcecc1a1f599c158538bfac6b897a6c897587204'
2021-05-17 03:42:30,507 INFO Good Job
2021-05-17 03:42:31,648 INFO Last Processed Hash: b'bcecc1a1f599c158538bfac6b897a6c897587204'
2021-05-17 03:42:39,302 INFO Good Job
2021-05-17 03:42:40,317 INFO Last Processed Hash: b'bcecc1a1f599c158538bfac6b897a6c897587204'
2021-05-17 03:42:57,516 INFO Good Job
2021-05-17 03:42:59,422 INFO Last Processed Hash: b'bcecc1a1f599c158538bfac6b897a6c897587204'
2021-05-17 03:43:22,069 INFO Good Job
2021-05-17 03:43:23,781 INFO Last Processed Hash: b'bcecc1a1f599c158538bfac6b897a6c897587204'
2021-05-17 03:43:27,905 INFO Good Job
2021-05-17 03:43:28,874 INFO Last Processed Hash: b'bcecc1a1f599c158538bfac6b897a6c897587204'
2021-05-17 03:44:08,958 INFO Good Job
2021-05-17 03:44:09,458 INFO Last Processed Hash: b'bcecc1a1f599c158538bfac6b897a6c897587204'
2021-05-17 03:44:13,082 INFO Good Job
2021-05-17 03:44:14,660 INFO Last Processed Hash: b'bcecc1a1f599c158538bfac6b897a6c897587204'
2021-05-17 03:44:20,627 INFO Good Job
2021-05-17 03:44:21,111 INFO Last Processed Hash: b'bcecc1a1f599c158538bfac6b897a6c897587204'
2021-05-17 03:44:45,153 INFO Good Job
2021-05-17 03:44:46,059 INFO Last Processed Hash: b'bcecc1a1f599c158538bfac6b897a6c897587204'
2021-05-17 03:44:47,433 INFO Good Job
2021-05-17 03:44:47,761 INFO Last Processed Hash: b'bcecc1a1f599c158538bfac6b897a6c897587204'
2021-05-17 03:45:01,711 INFO Good Job
2021-05-17 03:45:01,914 INFO Last Processed Hash: b'bcecc1a1f599c158538bfac6b897a6c897587204'
2021-05-17 03:45:53,305 INFO Good Job
2021-05-17 03:45:53,509 INFO Last Processed Hash: b'bcecc1a1f599c158538bfac6b897a6c897587204'
2021-05-17 03:45:56,586 INFO Good Job
2021-05-17 03:45:57,648 INFO Last Processed Hash: b'bcecc1a1f599c158538bfac6b897a6c897587204'
2021-05-17 03:46:16,003 INFO Good Job
2021-05-17 03:46:16,269 INFO Last Processed Hash: b'bcecc1a1f599c158538bfac6b897a6c897587204'
2021-05-17 03:46:36,139 INFO Good Job
2021-05-17 03:46:37,123 INFO Last Processed Hash: b'bcecc1a1f599c158538bfac6b897a6c897587204'
2021-05-17 03:47:08,553 INFO Good Job
2021-05-17 03:47:11,334 INFO Last Processed Hash: b'bcecc1a1f599c158538bfac6b897a6c897587204'
2021-05-17 03:47:30,397 INFO Good Job
2021-05-17 03:47:30,537 INFO Last Processed Hash: b'bcecc1a1f599c158538bfac6b897a6c897587204'
2021-05-17 03:47:39,723 INFO Good Job
2021-05-17 03:47:40,394 INFO Last Processed Hash: b'bcecc1a1f599c158538bfac6b897a6c897587204'
2021-05-17 03:48:09,528 INFO Good Job
2021-05-17 03:48:10,059 INFO Last Processed Hash: b'bcecc1a1f599c158538bfac6b897a6c897587204'
2021-05-17 03:48:22,923 INFO Good Job
2021-05-17 03:48:23,391 INFO Last Processed Hash: b'bcecc1a1f599c158538bfac6b897a6c897587204'
2021-05-17 03:48:58,446 INFO Good Job
2021-05-17 03:48:59,133 INFO Last Processed Hash: b'bcecc1a1f599c158538bfac6b897a6c897587204'
2021-05-17 03:49:09,052 INFO Good Job
2021-05-17 03:49:10,287 INFO Last Processed Hash: b'bcecc1a1f599c158538bfac6b897a6c897587204'
2021-05-17 03:49:38,155 INFO Good Job
2021-05-17 03:49:38,842 INFO Last Processed Hash: b'bcecc1a1f599c158538bfac6b897a6c897587204'
2021-05-17 03:49:55,901 INFO Good Job
2021-05-17 03:49:56,869 INFO Last Processed Hash: b'bcecc1a1f599c158538bfac6b897a6c897587204'
2021-05-17 03:50:16,933 INFO Good Job
2021-05-17 03:50:17,667 INFO Last Processed Hash: b'bcecc1a1f599c158538bfac6b897a6c897587204'
2021-05-17 03:50:38,225 INFO Good Job
2021-05-17 03:50:39,505 INFO Last Processed Hash: b'bcecc1a1f599c158538bfac6b897a6c897587204'
2021-05-17 03:50:48,410 INFO Good Job
2021-05-17 03:50:49,644 INFO Last Processed Hash: b'bcecc1a1f599c158538bfac6b897a6c897587204'
2021-05-17 03:51:00,969 INFO Good Job
2021-05-17 03:51:01,875 INFO Last Processed Hash: b'bcecc1a1f599c158538bfac6b897a6c897587204'
2021-05-17 03:51:18,762 INFO Good Job
2021-05-17 03:51:19,137 INFO Last Processed Hash: b'bcecc1a1f599c158538bfac6b897a6c897587204'
2021-05-17 03:52:14,889 INFO Good Job
2021-05-17 03:52:15,186 INFO Last Processed Hash: b'bcecc1a1f599c158538bfac6b897a6c897587204'
2021-05-17 03:52:31,073 INFO Good Job
2021-05-17 03:52:32,244 INFO Last Processed Hash: b'bcecc1a1f599c158538bfac6b897a6c897587204'
2021-05-17 03:53:04,409 INFO Good Job
2021-05-17 03:53:05,768 INFO Last Processed Hash: b'bcecc1a1f599c158538bfac6b897a6c897587204'
2021-05-17 03:53:24,763 INFO Good Job
2021-05-17 03:53:25,622 INFO Last Processed Hash: b'bcecc1a1f599c158538bfac6b897a6c897587204'
2021-05-17 03:53:32,745 INFO Good Job
2021-05-17 03:53:35,588 INFO Last Processed Hash: b'bcecc1a1f599c158538bfac6b897a6c897587204'
2021-05-17 03:53:59,848 INFO Good Job
2021-05-17 03:54:01,473 INFO Last Processed Hash: b'bcecc1a1f599c158538bfac6b897a6c897587204'
2021-05-17 03:54:11,930 INFO Good Job
2021-05-17 03:54:12,945 INFO Last Processed Hash: b'bcecc1a1f599c158538bfac6b897a6c897587204'
2021-05-17 03:54:15,663 INFO Good Job
2021-05-17 03:54:16,382 INFO Last Processed Hash: b'bcecc1a1f599c158538bfac6b897a6c897587204'
2021-05-17 03:54:33,612 INFO Good Job
2021-05-17 03:54:34,128 INFO Last Processed Hash: b'bcecc1a1f599c158538bfac6b897a6c897587204'
2021-05-17 03:55:56,812 INFO Good Job
2021-05-17 03:55:57,906 INFO Last Processed Hash: b'bcecc1a1f599c158538bfac6b897a6c897587204'
2021-05-17 03:56:18,843 INFO Good Job
2021-05-17 03:56:19,327 INFO Last Processed Hash: b'bcecc1a1f599c158538bfac6b897a6c897587204'
2021-05-17 03:56:26,997 INFO Good Job
2021-05-17 03:56:27,575 INFO Last Processed Hash: b'bcecc1a1f599c158538bfac6b897a6c897587204'
2021-05-17 03:57:01,051 INFO Good Job
2021-05-17 03:57:01,723 INFO Last Processed Hash: b'bcecc1a1f599c158538bfac6b897a6c897587204'
2021-05-17 03:57:18,848 INFO Good Job
2021-05-17 03:57:19,863 INFO Last Processed Hash: b'bcecc1a1f599c158538bfac6b897a6c897587204'
2021-05-17 03:57:35,750 INFO Good Job
2021-05-17 03:57:35,922 INFO Last Processed Hash: b'bcecc1a1f599c158538bfac6b897a6c897587204'
2021-05-17 03:58:01,005 INFO Good Job
2021-05-17 03:58:02,380 INFO Last Processed Hash: b'bcecc1a1f599c158538bfac6b897a6c897587204'
2021-05-17 03:58:08,862 INFO Good Job
2021-05-17 03:58:10,378 INFO Last Processed Hash: b'bcecc1a1f599c158538bfac6b897a6c897587204'
2021-05-17 03:58:41,216 INFO Good Job
2021-05-17 03:58:42,653 INFO Last Processed Hash: b'bcecc1a1f599c158538bfac6b897a6c897587204'
2021-05-17 03:58:47,605 INFO Good Job
2021-05-17 03:58:48,151 INFO Last Processed Hash: b'bcecc1a1f599c158538bfac6b897a6c897587204'
2021-05-17 03:59:40,261 INFO Good Job
2021-05-17 03:59:41,120 INFO Last Processed Hash: b'bcecc1a1f599c158538bfac6b897a6c897587204'
2021-05-17 03:59:54,055 INFO Good Job
2021-05-17 03:59:55,632 INFO Last Processed Hash: b'bcecc1a1f599c158538bfac6b897a6c897587204'
2021-05-17 04:00:21,409 INFO Good Job
2021-05-17 04:00:21,581 INFO Last Processed Hash: b'bcecc1a1f599c158538bfac6b897a6c897587204'
2021-05-17 04:00:36,374 INFO Good Job
2021-05-17 04:00:36,577 INFO Last Processed Hash: b'bcecc1a1f599c158538bfac6b897a6c897587204'
2021-05-17 04:00:42,279 INFO Good Job
2021-05-17 04:00:43,357 INFO Last Processed Hash: b'bcecc1a1f599c158538bfac6b897a6c897587204'
2021-05-17 04:01:11,225 INFO Good Job
2021-05-17 04:01:11,663 INFO Last Processed Hash: b'bcecc1a1f599c158538bfac6b897a6c897587204'
2021-05-17 04:01:50,325 INFO Good Job
2021-05-17 04:01:50,528 INFO Last Processed Hash: b'bcecc1a1f599c158538bfac6b897a6c897587204'
2021-05-17 04:01:54,590 INFO Good Job
2021-05-17 04:01:56,043 INFO Last Processed Hash: b'bcecc1a1f599c158538bfac6b897a6c897587204'
2021-05-17 04:02:01,729 INFO Good Job
2021-05-17 04:02:03,447 INFO Last Processed Hash: b'bcecc1a1f599c158538bfac6b897a6c897587204'
2021-05-17 04:02:25,742 INFO Good Job
2021-05-17 04:02:26,039 INFO Last Processed Hash: b'bcecc1a1f599c158538bfac6b897a6c897587204'
2021-05-17 04:02:36,802 INFO Good Job
2021-05-17 04:02:37,161 INFO Last Processed Hash: b'bcecc1a1f599c158538bfac6b897a6c897587204'
2021-05-17 04:02:52,661 INFO Good Job
2021-05-17 04:02:54,317 INFO Last Processed Hash: b'bcecc1a1f599c158538bfac6b897a6c897587204'
2021-05-17 04:03:21,382 INFO Good Job
2021-05-17 04:03:21,820 INFO Last Processed Hash: b'bcecc1a1f599c158538bfac6b897a6c897587204'
2021-05-17 04:03:47,111 INFO Good Job
2021-05-17 04:03:47,501 INFO Last Processed Hash: b'bcecc1a1f599c158538bfac6b897a6c897587204'
2021-05-17 04:04:14,040 INFO Good Job
2021-05-17 04:04:14,774 INFO Last Processed Hash: b'bcecc1a1f599c158538bfac6b897a6c897587204'
2021-05-17 04:04:15,883 INFO Good Job
2021-05-17 04:04:16,336 INFO Last Processed Hash: b'bcecc1a1f599c158538bfac6b897a6c897587204'
2021-05-17 04:04:42,143 INFO Good Job
2021-05-17 04:04:43,268 INFO Last Processed Hash: b'bcecc1a1f599c158538bfac6b897a6c897587204'
2021-05-17 04:05:29,897 INFO Good Job
2021-05-17 04:05:30,366 INFO Last Processed Hash: b'bcecc1a1f599c158538bfac6b897a6c897587204'
2021-05-17 04:05:44,800 INFO Good Job
2021-05-17 04:05:45,362 INFO Last Processed Hash: b'bcecc1a1f599c158538bfac6b897a6c897587204'
2021-05-17 04:05:58,609 INFO Good Job
2021-05-17 04:05:59,140 INFO Last Processed Hash: b'bcecc1a1f599c158538bfac6b897a6c897587204'
2021-05-17 04:06:18,519 INFO Good Job
2021-05-17 04:06:20,206 INFO Last Processed Hash: b'bcecc1a1f599c158538bfac6b897a6c897587204'
2021-05-17 04:06:58,197 INFO Good Job
2021-05-17 04:06:58,541 INFO Last Processed Hash: b'bcecc1a1f599c158538bfac6b897a6c897587204'
2021-05-17 04:07:06,414 INFO Good Job
2021-05-17 04:07:07,398 INFO Last Processed Hash: b'bcecc1a1f599c158538bfac6b897a6c897587204'
2021-05-17 04:07:24,289 INFO Good Job
2021-05-17 04:07:25,336 INFO Last Processed Hash: b'bcecc1a1f599c158538bfac6b897a6c897587204'
2021-05-17 04:07:42,378 INFO Good Job
2021-05-17 04:07:43,644 INFO Last Processed Hash: b'bcecc1a1f599c158538bfac6b897a6c897587204'
2021-05-17 04:07:44,300 INFO Good Job
2021-05-17 04:07:44,456 INFO Last Processed Hash: b'bcecc1a1f599c158538bfac6b897a6c897587204'
2021-05-17 04:08:38,183 INFO Good Job
2021-05-17 04:08:38,761 INFO Last Processed Hash: b'bcecc1a1f599c158538bfac6b897a6c897587204'
2021-05-17 04:08:56,959 INFO Good Job
2021-05-17 04:08:57,397 INFO Last Processed Hash: b'bcecc1a1f599c158538bfac6b897a6c897587204'
2021-05-17 04:09:14,231 INFO Good Job
2021-05-17 04:09:15,575 INFO Last Processed Hash: b'bcecc1a1f599c158538bfac6b897a6c897587204'
2021-05-17 04:09:33,102 INFO Good Job
2021-05-17 04:09:33,821 INFO Last Processed Hash: b'bcecc1a1f599c158538bfac6b897a6c897587204'
2021-05-17 04:10:09,359 INFO Good Job
2021-05-17 04:10:10,952 INFO Last Processed Hash: b'bcecc1a1f599c158538bfac6b897a6c897587204'
2021-05-17 04:10:20,622 INFO Good Job
2021-05-17 04:10:21,372 INFO Last Processed Hash: b'bcecc1a1f599c158538bfac6b897a6c897587204'
2021-05-17 04:10:32,322 INFO Good Job
2021-05-17 04:10:32,900 INFO Last Processed Hash: b'bcecc1a1f599c158538bfac6b897a6c897587204'
2021-05-17 04:10:55,982 INFO Good Job
2021-05-17 04:10:57,654 INFO Last Processed Hash: b'bcecc1a1f599c158538bfac6b897a6c897587204'
2021-05-17 04:11:30,368 INFO Good Job
2021-05-17 04:11:32,571 INFO Last Processed Hash: b'bcecc1a1f599c158538bfac6b897a6c897587204'
2021-05-17 04:11:39,554 INFO Good Job
2021-05-17 04:11:40,678 INFO Last Processed Hash: b'bcecc1a1f599c158538bfac6b897a6c897587204'
2021-05-17 04:11:50,114 INFO Good Job
2021-05-17 04:11:50,676 INFO Last Processed Hash: b'bcecc1a1f599c158538bfac6b897a6c897587204'
2021-05-17 04:12:23,610 INFO Good Job
2021-05-17 04:12:24,047 INFO Last Processed Hash: b'bcecc1a1f599c158538bfac6b897a6c897587204'
2021-05-17 04:12:36,934 INFO Good Job
2021-05-17 04:12:38,200 INFO Last Processed Hash: b'bcecc1a1f599c158538bfac6b897a6c897587204'
2021-05-17 04:13:01,179 INFO Good Job
2021-05-17 04:13:02,507 INFO Last Processed Hash: b'bcecc1a1f599c158538bfac6b897a6c897587204'
2021-05-17 04:13:16,597 INFO Good Job
2021-05-17 04:13:17,191 INFO Last Processed Hash: b'bcecc1a1f599c158538bfac6b897a6c897587204'
2021-05-17 04:13:20,190 INFO Good Job
2021-05-17 04:13:21,377 INFO Last Processed Hash: b'bcecc1a1f599c158538bfac6b897a6c897587204'
2021-05-17 04:14:23,990 INFO Good Job
2021-05-17 04:14:24,256 INFO Last Processed Hash: b'bcecc1a1f599c158538bfac6b897a6c897587204'
2021-05-17 04:14:26,817 INFO Good Job
2021-05-17 04:14:28,114 INFO Last Processed Hash: b'bcecc1a1f599c158538bfac6b897a6c897587204'
2021-05-17 04:14:54,889 INFO Good Job
2021-05-17 04:14:55,982 INFO Last Processed Hash: b'bcecc1a1f599c158538bfac6b897a6c897587204'
2021-05-17 04:15:14,295 INFO Good Job
2021-05-17 04:15:14,795 INFO Last Processed Hash: b'bcecc1a1f599c158538bfac6b897a6c897587204'
2021-05-17 04:15:50,099 INFO Good Job
2021-05-17 04:15:51,489 INFO Last Processed Hash: b'bcecc1a1f599c158538bfac6b897a6c897587204'
2021-05-17 04:15:56,691 INFO Good Job
2021-05-17 04:15:57,753 INFO Last Processed Hash: b'bcecc1a1f599c158538bfac6b897a6c897587204'
2021-05-17 04:16:06,814 INFO Good Job
2021-05-17 04:16:06,970 INFO Last Processed Hash: b'bcecc1a1f599c158538bfac6b897a6c897587204'
2021-05-17 04:16:27,699 INFO Good Job
2021-05-17 04:16:28,184 INFO Last Processed Hash: b'bcecc1a1f599c158538bfac6b897a6c897587204'
2021-05-17 04:16:40,337 INFO Good Job
2021-05-17 04:16:41,321 INFO Last Processed Hash: b'bcecc1a1f599c158538bfac6b897a6c897587204'
2021-05-17 04:17:40,501 INFO Good Job
2021-05-17 04:17:40,657 INFO Last Processed Hash: b'bcecc1a1f599c158538bfac6b897a6c897587204'
2021-05-17 04:17:54,138 INFO Good Job
2021-05-17 04:17:54,294 INFO Last Processed Hash: b'bcecc1a1f599c158538bfac6b897a6c897587204'
2021-05-17 04:18:13,727 INFO Good Job
2021-05-17 04:18:14,493 INFO Last Processed Hash: b'bcecc1a1f599c158538bfac6b897a6c897587204'
2021-05-17 04:18:45,798 INFO Good Job
2021-05-17 04:18:47,500 INFO Last Processed Hash: b'bcecc1a1f599c158538bfac6b897a6c897587204'
2021-05-17 04:18:53,015 INFO Good Job
2021-05-17 04:18:55,139 INFO Last Processed Hash: b'bcecc1a1f599c158538bfac6b897a6c897587204'
2021-05-17 04:19:22,301 INFO Good Job
2021-05-17 04:19:23,707 INFO Last Processed Hash: b'bcecc1a1f599c158538bfac6b897a6c897587204'
2021-05-17 04:19:46,202 INFO Good Job
2021-05-17 04:19:46,670 INFO Last Processed Hash: b'bcecc1a1f599c158538bfac6b897a6c897587204'
2021-05-17 04:19:51,591 INFO Good Job
2021-05-17 04:19:52,747 INFO Last Processed Hash: b'bcecc1a1f599c158538bfac6b897a6c897587204'
2021-05-17 04:20:30,107 INFO Good Job
2021-05-17 04:20:31,044 INFO Last Processed Hash: b'bcecc1a1f599c158538bfac6b897a6c897587204'
2021-05-17 04:20:40,292 INFO Good Job
2021-05-17 04:20:43,041 INFO Last Processed Hash: b'bcecc1a1f599c158538bfac6b897a6c897587204'
2021-05-17 04:20:46,400 INFO Good Job
2021-05-17 04:20:46,556 INFO Last Processed Hash: b'bcecc1a1f599c158538bfac6b897a6c897587204'
2021-05-17 04:21:00,506 INFO Good Job
2021-05-17 04:21:01,100 INFO Last Processed Hash: b'bcecc1a1f599c158538bfac6b897a6c897587204'
2021-05-17 04:21:35,435 INFO Good Job
2021-05-17 04:21:36,701 INFO Last Processed Hash: b'bcecc1a1f599c158538bfac6b897a6c897587204'
2021-05-17 04:21:43,371 INFO Good Job
2021-05-17 04:21:43,808 INFO Last Processed Hash: b'bcecc1a1f599c158538bfac6b897a6c897587204'
2021-05-17 04:21:51,478 INFO Good Job
2021-05-17 04:21:51,666 INFO Last Processed Hash: b'bcecc1a1f599c158538bfac6b897a6c897587204'
2021-05-17 04:22:47,763 INFO Good Job
2021-05-17 04:22:47,966 INFO Last Processed Hash: b'bcecc1a1f599c158538bfac6b897a6c897587204'
2021-05-17 04:22:52,294 INFO Good Job
2021-05-17 04:22:52,606 INFO Last Processed Hash: b'bcecc1a1f599c158538bfac6b897a6c897587204'
2021-05-17 04:23:16,163 INFO Good Job
2021-05-17 04:23:16,319 INFO Last Processed Hash: b'bcecc1a1f599c158538bfac6b897a6c897587204'
2021-05-17 04:23:39,095 INFO Good Job
2021-05-17 04:23:39,329 INFO Last Processed Hash: b'bcecc1a1f599c158538bfac6b897a6c897587204'
2021-05-17 04:23:57,841 INFO Good Job
2021-05-17 04:23:58,497 INFO Last Processed Hash: b'bcecc1a1f599c158538bfac6b897a6c897587204'
2021-05-17 04:24:13,310 INFO Good Job
2021-05-17 04:24:14,076 INFO Last Processed Hash: b'bcecc1a1f599c158538bfac6b897a6c897587204'
2021-05-17 04:24:33,899 INFO Good Job
2021-05-17 04:24:35,539 INFO Last Processed Hash: b'bcecc1a1f599c158538bfac6b897a6c897587204'
2021-05-17 04:25:20,674 INFO Good Job
2021-05-17 04:25:20,830 INFO Last Processed Hash: b'bcecc1a1f599c158538bfac6b897a6c897587204'
2021-05-17 04:25:39,154 INFO Good Job
2021-05-17 04:25:39,700 INFO Last Processed Hash: b'bcecc1a1f599c158538bfac6b897a6c897587204'
2021-05-17 04:26:07,288 INFO Good Job
2021-05-17 04:26:08,787 INFO Last Processed Hash: b'bcecc1a1f599c158538bfac6b897a6c897587204'
2021-05-17 04:26:12,867 INFO Good Job
2021-05-17 04:26:13,586 INFO Last Processed Hash: b'bcecc1a1f599c158538bfac6b897a6c897587204'
2021-05-17 04:26:42,376 INFO Good Job
2021-05-17 04:26:43,844 INFO Last Processed Hash: b'bcecc1a1f599c158538bfac6b897a6c897587204'
2021-05-17 04:26:46,469 INFO Good Job
2021-05-17 04:26:46,828 INFO Last Processed Hash: b'bcecc1a1f599c158538bfac6b897a6c897587204'
2021-05-17 04:27:05,776 INFO Good Job
2021-05-17 04:27:06,198 INFO Last Processed Hash: b'bcecc1a1f599c158538bfac6b897a6c897587204'
2021-05-17 04:27:19,533 INFO Good Job
2021-05-17 04:27:20,892 INFO Last Processed Hash: b'bcecc1a1f599c158538bfac6b897a6c897587204'
2021-05-17 04:27:41,903 INFO Good Job
2021-05-17 04:27:42,809 INFO Last Processed Hash: b'bcecc1a1f599c158538bfac6b897a6c897587204'
2021-05-17 04:28:33,006 INFO Good Job
2021-05-17 04:28:33,881 INFO Last Processed Hash: b'bcecc1a1f599c158538bfac6b897a6c897587204'
2021-05-17 04:28:34,802 INFO Good Job
2021-05-17 04:28:35,083 INFO Last Processed Hash: b'bcecc1a1f599c158538bfac6b897a6c897587204'
2021-05-17 04:29:32,283 INFO Good Job
2021-05-17 04:29:33,048 INFO Last Processed Hash: b'bcecc1a1f599c158538bfac6b897a6c897587204'
2021-05-17 04:29:34,938 INFO Good Job
2021-05-17 04:29:36,578 INFO Last Processed Hash: b'bcecc1a1f599c158538bfac6b897a6c897587204'
2021-05-17 04:30:07,071 INFO Good Job
2021-05-17 04:30:07,759 INFO Last Processed Hash: b'bcecc1a1f599c158538bfac6b897a6c897587204'
2021-05-17 04:30:27,607 INFO Good Job
2021-05-17 04:30:29,201 INFO Last Processed Hash: b'bcecc1a1f599c158538bfac6b897a6c897587204'
2021-05-17 04:30:52,133 INFO Good Job
2021-05-17 04:30:52,742 INFO Last Processed Hash: b'bcecc1a1f599c158538bfac6b897a6c897587204'
2021-05-17 04:31:14,129 INFO Good Job
2021-05-17 04:31:14,426 INFO Last Processed Hash: b'bcecc1a1f599c158538bfac6b897a6c897587204'
2021-05-17 04:31:33,281 INFO Good Job
2021-05-17 04:31:33,656 INFO Last Processed Hash: b'bcecc1a1f599c158538bfac6b897a6c897587204'
2021-05-17 04:31:53,995 INFO Good Job
2021-05-17 04:31:54,745 INFO Last Processed Hash: b'bcecc1a1f599c158538bfac6b897a6c897587204'
2021-05-17 04:32:08,570 INFO Good Job
2021-05-17 04:32:08,820 INFO Last Processed Hash: b'bcecc1a1f599c158538bfac6b897a6c897587204'
2021-05-17 04:32:24,404 INFO Good Job
2021-05-17 04:32:25,217 INFO Last Processed Hash: b'bcecc1a1f599c158538bfac6b897a6c897587204'
2021-05-17 04:32:40,354 INFO Good Job
2021-05-17 04:32:40,885 INFO Last Processed Hash: b'bcecc1a1f599c158538bfac6b897a6c897587204'
2021-05-17 04:33:29,146 INFO Good Job
2021-05-17 04:33:30,271 INFO Last Processed Hash: b'bcecc1a1f599c158538bfac6b897a6c897587204'
2021-05-17 04:33:49,876 INFO Good Job
2021-05-17 04:33:51,532 INFO Last Processed Hash: b'bcecc1a1f599c158538bfac6b897a6c897587204'
2021-05-17 04:34:08,371 INFO Good Job
2021-05-17 04:34:08,574 INFO Last Processed Hash: b'bcecc1a1f599c158538bfac6b897a6c897587204'
2021-05-17 04:34:46,766 INFO Good Job
2021-05-17 04:34:48,203 INFO Last Processed Hash: b'bcecc1a1f599c158538bfac6b897a6c897587204'
2021-05-17 04:34:53,999 INFO Good Job
2021-05-17 04:34:54,936 INFO Last Processed Hash: b'bcecc1a1f599c158538bfac6b897a6c897587204'
2021-05-17 04:35:00,825 INFO Good Job
2021-05-17 04:35:01,216 INFO Last Processed Hash: b'bcecc1a1f599c158538bfac6b897a6c897587204'
2021-05-17 04:35:29,791 INFO Good Job
2021-05-17 04:35:30,416 INFO Last Processed Hash: b'bcecc1a1f599c158538bfac6b897a6c897587204'
2021-05-17 04:35:35,352 INFO Good Job
2021-05-17 04:35:37,144 INFO Last Processed Hash: b'bcecc1a1f599c158538bfac6b897a6c897587204'
2021-05-17 04:36:07,106 INFO Good Job
2021-05-17 04:36:08,090 INFO Last Processed Hash: b'bcecc1a1f599c158538bfac6b897a6c897587204'
2021-05-17 04:36:14,042 INFO Good Job
2021-05-17 04:36:14,527 INFO Last Processed Hash: b'bcecc1a1f599c158538bfac6b897a6c897587204'
2021-05-17 04:36:17,885 INFO Good Job
2021-05-17 04:36:18,104 INFO Last Processed Hash: b'bcecc1a1f599c158538bfac6b897a6c897587204'
2021-05-17 04:37:09,514 INFO Good Job
2021-05-17 04:37:09,685 INFO Last Processed Hash: b'bcecc1a1f599c158538bfac6b897a6c897587204'
2021-05-17 04:37:16,312 INFO Good Job
2021-05-17 04:37:16,609 INFO Last Processed Hash: b'bcecc1a1f599c158538bfac6b897a6c897587204'
2021-05-17 04:37:17,812 INFO Good Job
2021-05-17 04:37:17,968 INFO Last Processed Hash: b'bcecc1a1f599c158538bfac6b897a6c897587204'
2021-05-17 04:37:49,758 INFO Good Job
2021-05-17 04:37:51,304 INFO Last Processed Hash: b'bcecc1a1f599c158538bfac6b897a6c897587204'
2021-05-17 04:38:19,490 INFO Good Job
2021-05-17 04:38:20,755 INFO Last Processed Hash: b'bcecc1a1f599c158538bfac6b897a6c897587204'
2021-05-17 04:38:35,455 INFO Good Job
2021-05-17 04:38:35,752 INFO Last Processed Hash: b'bcecc1a1f599c158538bfac6b897a6c897587204'
2021-05-17 04:39:13,837 INFO Good Job
2021-05-17 04:39:13,993 INFO Last Processed Hash: b'bcecc1a1f599c158538bfac6b897a6c897587204'
2021-05-17 04:39:17,024 INFO Good Job
2021-05-17 04:39:18,555 INFO Last Processed Hash: b'bcecc1a1f599c158538bfac6b897a6c897587204'
2021-05-17 04:39:28,146 INFO Good Job
2021-05-17 04:39:28,303 INFO Last Processed Hash: b'bcecc1a1f599c158538bfac6b897a6c897587204'
2021-05-17 04:40:01,545 INFO Good Job
2021-05-17 04:40:02,388 INFO Last Processed Hash: b'bcecc1a1f599c158538bfac6b897a6c897587204'
2021-05-17 04:40:18,008 INFO Good Job
2021-05-17 04:40:18,617 INFO Last Processed Hash: b'bcecc1a1f599c158538bfac6b897a6c897587204'
2021-05-17 04:40:24,413 INFO Good Job
2021-05-17 04:40:25,475 INFO Last Processed Hash: b'bcecc1a1f599c158538bfac6b897a6c897587204'
2021-05-17 04:41:05,921 INFO Good Job
2021-05-17 04:41:07,108 INFO Last Processed Hash: b'bcecc1a1f599c158538bfac6b897a6c897587204'
2021-05-17 04:41:09,154 INFO Good Job
2021-05-17 04:41:09,467 INFO Last Processed Hash: b'bcecc1a1f599c158538bfac6b897a6c897587204'
2021-05-17 04:41:21,563 INFO Good Job
2021-05-17 04:41:22,844 INFO Last Processed Hash: b'bcecc1a1f599c158538bfac6b897a6c897587204'
2021-05-17 04:41:26,202 INFO Good Job
2021-05-17 04:41:27,327 INFO Last Processed Hash: b'bcecc1a1f599c158538bfac6b897a6c897587204'
2021-05-17 04:41:54,617 INFO Good Job
2021-05-17 04:41:54,820 INFO Last Processed Hash: b'bcecc1a1f599c158538bfac6b897a6c897587204'
2021-05-17 04:42:10,598 INFO Good Job
2021-05-17 04:42:12,257 INFO Last Processed Hash: b'bcecc1a1f599c158538bfac6b897a6c897587204'
2021-05-17 04:42:23,567 INFO Good Job
2021-05-17 04:42:23,723 INFO Last Processed Hash: b'bcecc1a1f599c158538bfac6b897a6c897587204'
2021-05-17 04:42:54,935 INFO Good Job
2021-05-17 04:42:55,450 INFO Last Processed Hash: b'bcecc1a1f599c158538bfac6b897a6c897587204'
2021-05-17 04:43:16,648 INFO Good Job
2021-05-17 04:43:17,226 INFO Last Processed Hash: b'bcecc1a1f599c158538bfac6b897a6c897587204'
2021-05-17 04:43:24,771 INFO Good Job
2021-05-17 04:43:25,318 INFO Last Processed Hash: b'bcecc1a1f599c158538bfac6b897a6c897587204'
2021-05-17 04:43:49,641 INFO Good Job
2021-05-17 04:43:49,797 INFO Last Processed Hash: b'bcecc1a1f599c158538bfac6b897a6c897587204'
2021-05-17 04:44:00,529 INFO Good Job
2021-05-17 04:44:02,044 INFO Last Processed Hash: b'bcecc1a1f599c158538bfac6b897a6c897587204'
2021-05-17 04:44:17,736 INFO Good Job
2021-05-17 04:44:18,798 INFO Last Processed Hash: b'bcecc1a1f599c158538bfac6b897a6c897587204'
2021-05-17 04:45:42,935 INFO Good Job
2021-05-17 04:45:43,435 INFO Last Processed Hash: b'bcecc1a1f599c158538bfac6b897a6c897587204'
2021-05-17 04:45:52,214 INFO Good Job
2021-05-17 04:45:53,011 INFO Last Processed Hash: b'bcecc1a1f599c158538bfac6b897a6c897587204'
2021-05-17 04:46:19,658 INFO Good Job
2021-05-17 04:46:20,454 INFO Last Processed Hash: b'bcecc1a1f599c158538bfac6b897a6c897587204'
2021-05-17 04:46:46,526 INFO Good Job
2021-05-17 04:46:48,073 INFO Last Processed Hash: b'bcecc1a1f599c158538bfac6b897a6c897587204'
2021-05-17 04:46:58,727 INFO Good Job
2021-05-17 04:46:59,383 INFO Last Processed Hash: b'bcecc1a1f599c158538bfac6b897a6c897587204'
2021-05-17 04:47:09,349 INFO Good Job
2021-05-17 04:47:10,036 INFO Last Processed Hash: b'bcecc1a1f599c158538bfac6b897a6c897587204'
2021-05-17 04:47:34,519 INFO Good Job
2021-05-17 04:47:34,972 INFO Last Processed Hash: b'bcecc1a1f599c158538bfac6b897a6c897587204'
2021-05-17 04:47:57,248 INFO Good Job
2021-05-17 04:47:57,404 INFO Last Processed Hash: b'bcecc1a1f599c158538bfac6b897a6c897587204'
2021-05-17 04:48:20,675 INFO Good Job
2021-05-17 04:48:21,893 INFO Last Processed Hash: b'bcecc1a1f599c158538bfac6b897a6c897587204'
2021-05-17 04:48:49,449 INFO Good Job
2021-05-17 04:48:50,418 INFO Last Processed Hash: b'bcecc1a1f599c158538bfac6b897a6c897587204'
2021-05-17 04:49:14,059 INFO Good Job
2021-05-17 04:49:14,434 INFO Last Processed Hash: b'bcecc1a1f599c158538bfac6b897a6c897587204'
2021-05-17 04:49:15,746 INFO Good Job
2021-05-17 04:49:17,105 INFO Last Processed Hash: b'bcecc1a1f599c158538bfac6b897a6c897587204'
2021-05-17 04:49:39,959 INFO Good Job
2021-05-17 04:49:41,208 INFO Last Processed Hash: b'bcecc1a1f599c158538bfac6b897a6c897587204'
2021-05-17 04:50:03,547 INFO Good Job
2021-05-17 04:50:03,875 INFO Last Processed Hash: b'bcecc1a1f599c158538bfac6b897a6c897587204'
2021-05-17 04:50:15,153 INFO Good Job
2021-05-17 04:50:15,716 INFO Last Processed Hash: b'bcecc1a1f599c158538bfac6b897a6c897587204'
2021-05-17 04:51:21,405 INFO Good Job
2021-05-17 04:51:22,436 INFO Last Processed Hash: b'bcecc1a1f599c158538bfac6b897a6c897587204'
2021-05-17 04:51:27,591 INFO Good Job
2021-05-17 04:51:28,872 INFO Last Processed Hash: b'bcecc1a1f599c158538bfac6b897a6c897587204'
2021-05-17 04:51:51,226 INFO Good Job
2021-05-17 04:51:51,804 INFO Last Processed Hash: b'bcecc1a1f599c158538bfac6b897a6c897587204'
2021-05-17 04:52:13,358 INFO Good Job
2021-05-17 04:52:14,420 INFO Last Processed Hash: b'bcecc1a1f599c158538bfac6b897a6c897587204'
2021-05-17 04:52:48,490 INFO Good Job
2021-05-17 04:52:49,427 INFO Last Processed Hash: b'bcecc1a1f599c158538bfac6b897a6c897587204'
2021-05-17 04:52:54,410 INFO Good Job
2021-05-17 04:52:56,426 INFO Last Processed Hash: b'bcecc1a1f599c158538bfac6b897a6c897587204'
2021-05-17 04:53:12,121 INFO Good Job
2021-05-17 04:53:12,793 INFO Last Processed Hash: b'bcecc1a1f599c158538bfac6b897a6c897587204'
2021-05-17 04:53:13,574 INFO Good Job
2021-05-17 04:53:15,058 INFO Last Processed Hash: b'bcecc1a1f599c158538bfac6b897a6c897587204'
2021-05-17 04:53:39,412 INFO Good Job
2021-05-17 04:53:39,724 INFO Last Processed Hash: b'bcecc1a1f599c158538bfac6b897a6c897587204'
2021-05-17 04:54:08,358 INFO Good Job
2021-05-17 04:54:09,467 INFO Last Processed Hash: b'bcecc1a1f599c158538bfac6b897a6c897587204'
2021-05-17 04:54:34,180 INFO Good Job
2021-05-17 04:54:34,914 INFO Last Processed Hash: b'bcecc1a1f599c158538bfac6b897a6c897587204'
2021-05-17 04:54:51,504 INFO Good Job
2021-05-17 04:54:52,347 INFO Last Processed Hash: b'bcecc1a1f599c158538bfac6b897a6c897587204'
2021-05-17 04:55:26,468 INFO Good Job
2021-05-17 04:55:26,937 INFO Last Processed Hash: b'bcecc1a1f599c158538bfac6b897a6c897587204'
2021-05-17 04:55:38,871 INFO Good Job
2021-05-17 04:55:39,059 INFO Last Processed Hash: b'bcecc1a1f599c158538bfac6b897a6c897587204'
2021-05-17 04:55:44,495 INFO Good Job
2021-05-17 04:55:45,292 INFO Last Processed Hash: b'bcecc1a1f599c158538bfac6b897a6c897587204'
2021-05-17 04:56:13,195 INFO Good Job
2021-05-17 04:56:13,773 INFO Last Processed Hash: b'bcecc1a1f599c158538bfac6b897a6c897587204'
2021-05-17 04:56:43,453 INFO Good Job
2021-05-17 04:56:43,890 INFO Last Processed Hash: b'bcecc1a1f599c158538bfac6b897a6c897587204'
2021-05-17 04:56:55,200 INFO Good Job
2021-05-17 04:56:56,512 INFO Last Processed Hash: b'bcecc1a1f599c158538bfac6b897a6c897587204'
2021-05-17 04:57:39,569 INFO Good Job
2021-05-17 04:57:40,147 INFO Last Processed Hash: b'bcecc1a1f599c158538bfac6b897a6c897587204'
2021-05-17 04:57:42,193 INFO Good Job
2021-05-17 04:57:43,693 INFO Last Processed Hash: b'bcecc1a1f599c158538bfac6b897a6c897587204'
2021-05-17 04:57:46,598 INFO Good Job
2021-05-17 04:57:47,583 INFO Last Processed Hash: b'bcecc1a1f599c158538bfac6b897a6c897587204'
2021-05-17 04:57:48,020 INFO Good Job
2021-05-17 04:57:48,176 INFO Last Processed Hash: b'bcecc1a1f599c158538bfac6b897a6c897587204'
2021-05-17 04:57:49,391 INFO Good Job
2021-05-17 04:57:51,031 INFO Last Processed Hash: b'bcecc1a1f599c158538bfac6b897a6c897587204'
2021-05-17 04:57:56,938 INFO Good Job
2021-05-17 04:57:58,585 INFO Last Processed Hash: b'bcecc1a1f599c158538bfac6b897a6c897587204'
2021-05-17 04:58:39,380 INFO Good Job
2021-05-17 04:58:39,755 INFO Last Processed Hash: b'bcecc1a1f599c158538bfac6b897a6c897587204'
2021-05-17 04:58:44,473 INFO Good Job
2021-05-17 04:58:44,832 INFO Last Processed Hash: b'bcecc1a1f599c158538bfac6b897a6c897587204'
2021-05-17 04:58:51,065 INFO Good Job
2021-05-17 04:58:51,955 INFO Last Processed Hash: b'bcecc1a1f599c158538bfac6b897a6c897587204'
2021-05-17 04:59:06,818 INFO Good Job
2021-05-17 04:59:07,646 INFO Last Processed Hash: b'bcecc1a1f599c158538bfac6b897a6c897587204'
2021-05-17 04:59:23,760 INFO Good Job
2021-05-17 04:59:24,900 INFO Last Processed Hash: b'bcecc1a1f599c158538bfac6b897a6c897587204'
2021-05-17 04:59:56,307 INFO Good Job
2021-05-17 04:59:57,745 INFO Last Processed Hash: b'bcecc1a1f599c158538bfac6b897a6c897587204'
2021-05-17 05:00:00,431 INFO Good Job
2021-05-17 05:00:00,588 INFO Last Processed Hash: b'bcecc1a1f599c158538bfac6b897a6c897587204'
2021-05-17 05:00:32,264 INFO Good Job
2021-05-17 05:00:33,077 INFO Last Processed Hash: b'bcecc1a1f599c158538bfac6b897a6c897587204'
2021-05-17 05:00:40,106 INFO Good Job
2021-05-17 05:00:41,012 INFO Last Processed Hash: b'bcecc1a1f599c158538bfac6b897a6c897587204'
2021-05-17 05:00:46,652 INFO Good Job
2021-05-17 05:00:47,839 INFO Last Processed Hash: b'bcecc1a1f599c158538bfac6b897a6c897587204'
2021-05-17 05:01:25,985 INFO Good Job
2021-05-17 05:01:26,375 INFO Last Processed Hash: b'bcecc1a1f599c158538bfac6b897a6c897587204'
2021-05-17 05:01:34,623 INFO Good Job
2021-05-17 05:01:34,842 INFO Last Processed Hash: b'bcecc1a1f599c158538bfac6b897a6c897587204'
2021-05-17 05:01:54,025 INFO Good Job
2021-05-17 05:01:54,915 INFO Last Processed Hash: b'bcecc1a1f599c158538bfac6b897a6c897587204'
2021-05-17 05:02:02,367 INFO Good Job
2021-05-17 05:02:03,773 INFO Last Processed Hash: b'bcecc1a1f599c158538bfac6b897a6c897587204'
2021-05-17 05:02:41,717 INFO Good Job
2021-05-17 05:02:42,935 INFO Last Processed Hash: b'bcecc1a1f599c158538bfac6b897a6c897587204'
2021-05-17 05:02:52,199 INFO Good Job
2021-05-17 05:02:52,418 INFO Last Processed Hash: b'bcecc1a1f599c158538bfac6b897a6c897587204'
2021-05-17 05:03:03,274 INFO Good Job
2021-05-17 05:03:04,508 INFO Last Processed Hash: b'bcecc1a1f599c158538bfac6b897a6c897587204'
2021-05-17 05:03:35,261 INFO Good Job
2021-05-17 05:03:35,417 INFO Last Processed Hash: b'bcecc1a1f599c158538bfac6b897a6c897587204'
2021-05-17 05:03:48,602 INFO Good Job
2021-05-17 05:03:49,555 INFO Last Processed Hash: b'bcecc1a1f599c158538bfac6b897a6c897587204'
2021-05-17 05:04:00,958 INFO Good Job
2021-05-17 05:04:01,895 INFO Last Processed Hash: b'bcecc1a1f599c158538bfac6b897a6c897587204'
2021-05-17 05:04:21,434 INFO Good Job
2021-05-17 05:04:21,653 INFO Last Processed Hash: b'bcecc1a1f599c158538bfac6b897a6c897587204'
2021-05-17 05:04:38,836 INFO Good Job
2021-05-17 05:04:39,945 INFO Last Processed Hash: b'bcecc1a1f599c158538bfac6b897a6c897587204'
2021-05-17 05:05:18,608 INFO Good Job
2021-05-17 05:05:18,795 INFO Last Processed Hash: b'bcecc1a1f599c158538bfac6b897a6c897587204'
2021-05-17 05:05:29,230 INFO Good Job
2021-05-17 05:05:29,559 INFO Last Processed Hash: b'bcecc1a1f599c158538bfac6b897a6c897587204'
2021-05-17 05:05:30,215 INFO Good Job
2021-05-17 05:05:30,714 INFO Last Processed Hash: b'bcecc1a1f599c158538bfac6b897a6c897587204'
2021-05-17 05:05:57,239 INFO Good Job
2021-05-17 05:05:58,302 INFO Last Processed Hash: b'bcecc1a1f599c158538bfac6b897a6c897587204'
2021-05-17 05:06:28,000 INFO Good Job
2021-05-17 05:06:29,032 INFO Last Processed Hash: b'bcecc1a1f599c158538bfac6b897a6c897587204'
2021-05-17 05:06:31,953 INFO Good Job
2021-05-17 05:06:32,156 INFO Last Processed Hash: b'bcecc1a1f599c158538bfac6b897a6c897587204'
2021-05-17 05:06:39,326 INFO Good Job
2021-05-17 05:06:39,482 INFO Last Processed Hash: b'bcecc1a1f599c158538bfac6b897a6c897587204'
2021-05-17 05:07:39,846 INFO Good Job
2021-05-17 05:07:41,502 INFO Last Processed Hash: b'bcecc1a1f599c158538bfac6b897a6c897587204'
2021-05-17 05:07:49,719 INFO Good Job
2021-05-17 05:07:51,344 INFO Last Processed Hash: b'bcecc1a1f599c158538bfac6b897a6c897587204'
2021-05-17 05:07:53,812 INFO Good Job
2021-05-17 05:07:53,984 INFO Last Processed Hash: b'bcecc1a1f599c158538bfac6b897a6c897587204'
2021-05-17 05:07:59,607 INFO Good Job
2021-05-17 05:07:59,764 INFO Last Processed Hash: b'bcecc1a1f599c158538bfac6b897a6c897587204'
2021-05-17 05:09:02,359 INFO Good Job
2021-05-17 05:09:03,015 INFO Last Processed Hash: b'bcecc1a1f599c158538bfac6b897a6c897587204'
2021-05-17 05:09:12,216 INFO Good Job
2021-05-17 05:09:12,450 INFO Last Processed Hash: b'bcecc1a1f599c158538bfac6b897a6c897587204'
2021-05-17 05:09:32,946 INFO Good Job
2021-05-17 05:09:33,852 INFO Last Processed Hash: b'bcecc1a1f599c158538bfac6b897a6c897587204'
2021-05-17 05:10:01,251 INFO Good Job
2021-05-17 05:10:02,407 INFO Last Processed Hash: b'bcecc1a1f599c158538bfac6b897a6c897587204'
2021-05-17 05:10:24,458 INFO Good Job
2021-05-17 05:10:25,536 INFO Last Processed Hash: b'bcecc1a1f599c158538bfac6b897a6c897587204'
2021-05-17 05:10:47,451 INFO Good Job
2021-05-17 05:10:48,497 INFO Last Processed Hash: b'bcecc1a1f599c158538bfac6b897a6c897587204'
2021-05-17 05:10:59,666 INFO Good Job
2021-05-17 05:11:00,791 INFO Last Processed Hash: b'bcecc1a1f599c158538bfac6b897a6c897587204'
2021-05-17 05:11:24,993 INFO Good Job
2021-05-17 05:11:25,149 INFO Last Processed Hash: b'bcecc1a1f599c158538bfac6b897a6c897587204'
2021-05-17 05:11:51,877 INFO Good Job
2021-05-17 05:11:52,330 INFO Last Processed Hash: b'bcecc1a1f599c158538bfac6b897a6c897587204'
2021-05-17 05:11:59,500 INFO Good Job
2021-05-17 05:12:00,406 INFO Last Processed Hash: b'bcecc1a1f599c158538bfac6b897a6c897587204'
2021-05-17 05:13:13,309 INFO Good Job
2021-05-17 05:13:13,559 INFO Last Processed Hash: b'bcecc1a1f599c158538bfac6b897a6c897587204'
2021-05-17 05:13:25,619 INFO Good Job
2021-05-17 05:13:26,150 INFO Last Processed Hash: b'bcecc1a1f599c158538bfac6b897a6c897587204'
2021-05-17 05:13:43,240 INFO Good Job
2021-05-17 05:13:43,396 INFO Last Processed Hash: b'bcecc1a1f599c158538bfac6b897a6c897587204'
2021-05-17 05:14:20,426 INFO Good Job
2021-05-17 05:14:20,598 INFO Last Processed Hash: b'bcecc1a1f599c158538bfac6b897a6c897587204'
2021-05-17 05:14:28,096 INFO Good Job
2021-05-17 05:14:28,424 INFO Last Processed Hash: b'bcecc1a1f599c158538bfac6b897a6c897587204'
2021-05-17 05:14:35,219 INFO Good Job
2021-05-17 05:14:35,407 INFO Last Processed Hash: b'bcecc1a1f599c158538bfac6b897a6c897587204'
2021-05-17 05:14:36,547 INFO Good Job
2021-05-17 05:14:36,719 INFO Last Processed Hash: b'bcecc1a1f599c158538bfac6b897a6c897587204'
2021-05-17 05:15:34,364 INFO Good Job
2021-05-17 05:15:34,817 INFO Last Processed Hash: b'bcecc1a1f599c158538bfac6b897a6c897587204'
2021-05-17 05:15:56,999 INFO Good Job
2021-05-17 05:15:57,218 INFO Last Processed Hash: b'bcecc1a1f599c158538bfac6b897a6c897587204'
2021-05-17 05:16:08,340 INFO Good Job
2021-05-17 05:16:08,871 INFO Last Processed Hash: b'bcecc1a1f599c158538bfac6b897a6c897587204'
2021-05-17 05:16:24,669 INFO Good Job
2021-05-17 05:16:25,513 INFO Last Processed Hash: b'bcecc1a1f599c158538bfac6b897a6c897587204'
2021-05-17 05:16:30,933 INFO Good Job
2021-05-17 05:16:31,745 INFO Last Processed Hash: b'bcecc1a1f599c158538bfac6b897a6c897587204'
2021-05-17 05:16:38,213 INFO Good Job
2021-05-17 05:16:38,447 INFO Last Processed Hash: b'bcecc1a1f599c158538bfac6b897a6c897587204'
2021-05-17 05:17:17,395 INFO Good Job
2021-05-17 05:17:18,208 INFO Last Processed Hash: b'bcecc1a1f599c158538bfac6b897a6c897587204'
2021-05-17 05:17:24,816 INFO Good Job
2021-05-17 05:17:25,456 INFO Last Processed Hash: b'bcecc1a1f599c158538bfac6b897a6c897587204'
2021-05-17 05:18:05,535 INFO Good Job
2021-05-17 05:18:06,660 INFO Last Processed Hash: b'bcecc1a1f599c158538bfac6b897a6c897587204'
2021-05-17 05:18:07,941 INFO Good Job
2021-05-17 05:18:08,800 INFO Last Processed Hash: b'bcecc1a1f599c158538bfac6b897a6c897587204'
2021-05-17 05:18:21,894 INFO Good Job
2021-05-17 05:18:22,597 INFO Last Processed Hash: b'bcecc1a1f599c158538bfac6b897a6c897587204'
2021-05-17 05:18:44,248 INFO Good Job
2021-05-17 05:18:44,857 INFO Last Processed Hash: b'bcecc1a1f599c158538bfac6b897a6c897587204'
2021-05-17 05:18:46,622 INFO Good Job
2021-05-17 05:18:46,826 INFO Last Processed Hash: b'bcecc1a1f599c158538bfac6b897a6c897587204'
2021-05-17 05:19:17,694 INFO Good Job
2021-05-17 05:19:17,866 INFO Last Processed Hash: b'bcecc1a1f599c158538bfac6b897a6c897587204'
2021-05-17 05:19:46,062 INFO Good Job
2021-05-17 05:19:46,594 INFO Last Processed Hash: b'bcecc1a1f599c158538bfac6b897a6c897587204'
2021-05-17 05:20:01,199 INFO Good Job
2021-05-17 05:20:02,199 INFO Last Processed Hash: b'bcecc1a1f599c158538bfac6b897a6c897587204'
2021-05-17 05:20:04,777 INFO Good Job
2021-05-17 05:20:06,511 INFO Last Processed Hash: b'bcecc1a1f599c158538bfac6b897a6c897587204'
2021-05-17 05:20:53,684 INFO Good Job
2021-05-17 05:20:53,919 INFO Last Processed Hash: b'bcecc1a1f599c158538bfac6b897a6c897587204'
2021-05-17 05:21:05,760 INFO Good Job
2021-05-17 05:21:06,900 INFO Last Processed Hash: b'bcecc1a1f599c158538bfac6b897a6c897587204'
2021-05-17 05:21:08,868 INFO Good Job
2021-05-17 05:21:09,134 INFO Last Processed Hash: b'bcecc1a1f599c158538bfac6b897a6c897587204'
2021-05-17 05:21:14,371 INFO Good Job
2021-05-17 05:21:15,152 INFO Last Processed Hash: b'bcecc1a1f599c158538bfac6b897a6c897587204'
2021-05-17 05:21:35,210 INFO Good Job
2021-05-17 05:21:36,350 INFO Last Processed Hash: b'bcecc1a1f599c158538bfac6b897a6c897587204'
2021-05-17 05:22:22,427 INFO Good Job
2021-05-17 05:22:22,646 INFO Last Processed Hash: b'bcecc1a1f599c158538bfac6b897a6c897587204'
2021-05-17 05:22:40,314 INFO Good Job
2021-05-17 05:22:40,704 INFO Last Processed Hash: b'bcecc1a1f599c158538bfac6b897a6c897587204'
2021-05-17 05:23:22,402 INFO Good Job
2021-05-17 05:23:23,308 INFO Last Processed Hash: b'bcecc1a1f599c158538bfac6b897a6c897587204'
2021-05-17 05:23:25,902 INFO Good Job
2021-05-17 05:23:27,307 INFO Last Processed Hash: b'bcecc1a1f599c158538bfac6b897a6c897587204'
2021-05-17 05:23:30,291 INFO Good Job
2021-05-17 05:23:30,853 INFO Last Processed Hash: b'bcecc1a1f599c158538bfac6b897a6c897587204'
2021-05-17 05:23:34,446 INFO Good Job
2021-05-17 05:23:34,618 INFO Last Processed Hash: b'bcecc1a1f599c158538bfac6b897a6c897587204'
2021-05-17 05:23:54,603 INFO Good Job
2021-05-17 05:23:54,993 INFO Last Processed Hash: b'bcecc1a1f599c158538bfac6b897a6c897587204'
2021-05-17 05:24:01,913 INFO Good Job
2021-05-17 05:24:02,195 INFO Last Processed Hash: b'bcecc1a1f599c158538bfac6b897a6c897587204'
2021-05-17 05:24:19,019 INFO Good Job
2021-05-17 05:24:19,191 INFO Last Processed Hash: b'bcecc1a1f599c158538bfac6b897a6c897587204'
2021-05-17 05:24:42,091 INFO Good Job
2021-05-17 05:24:42,576 INFO Last Processed Hash: b'bcecc1a1f599c158538bfac6b897a6c897587204'
2021-05-17 05:24:43,310 INFO Good Job
2021-05-17 05:24:43,622 INFO Last Processed Hash: b'bcecc1a1f599c158538bfac6b897a6c897587204'
2021-05-17 05:26:58,613 INFO Last Processed Hash: b'bcecc1a1f599c158538bfac6b897a6c897587204'
2021-05-17 05:27:00,050 INFO Good Job
2021-05-17 05:27:00,268 INFO Last Processed Hash: b'bcecc1a1f599c158538bfac6b897a6c897587204'
2021-05-17 05:27:00,799 INFO Good Job
2021-05-17 05:27:00,956 INFO Last Processed Hash: b'bcecc1a1f599c158538bfac6b897a6c897587204'
2021-05-17 05:27:02,799 INFO Good Job
2021-05-17 05:27:03,674 INFO Last Processed Hash: b'bcecc1a1f599c158538bfac6b897a6c897587204'
2021-05-17 05:27:11,378 INFO Good Job
2021-05-17 05:27:11,941 INFO Last Processed Hash: b'bcecc1a1f599c158538bfac6b897a6c897587204'
2021-05-17 05:27:21,985 INFO Good Job
2021-05-17 05:27:22,548 INFO Last Processed Hash: b'bcecc1a1f599c158538bfac6b897a6c897587204'
2021-05-17 05:27:26,843 INFO Good Job
2021-05-17 05:27:27,999 INFO Last Processed Hash: b'bcecc1a1f599c158538bfac6b897a6c897587204'
2021-05-17 05:27:42,355 INFO Good Job
2021-05-17 05:27:43,043 INFO Last Processed Hash: b'bcecc1a1f599c158538bfac6b897a6c897587204'
2021-05-17 05:27:53,431 INFO Good Job
2021-05-17 05:27:53,728 INFO Last Processed Hash: b'bcecc1a1f599c158538bfac6b897a6c897587204'
2021-05-17 05:28:02,000 INFO Good Job
2021-05-17 05:28:02,500 INFO Last Processed Hash: b'bcecc1a1f599c158538bfac6b897a6c897587204'
2021-05-17 05:29:25,715 INFO Good Job
2021-05-17 05:29:26,371 INFO Last Processed Hash: b'bcecc1a1f599c158538bfac6b897a6c897587204'
2021-05-17 05:29:43,554 INFO Good Job
2021-05-17 05:29:43,711 INFO Last Processed Hash: b'bcecc1a1f599c158538bfac6b897a6c897587204'
2021-05-17 05:29:57,585 INFO Good Job
2021-05-17 05:29:58,538 INFO Last Processed Hash: b'bcecc1a1f599c158538bfac6b897a6c897587204'
2021-05-17 05:30:00,987 INFO Good Job
2021-05-17 05:30:01,741 INFO Last Processed Hash: b'bcecc1a1f599c158538bfac6b897a6c897587204'
2021-05-17 05:30:32,761 INFO Good Job
2021-05-17 05:30:33,355 INFO Last Processed Hash: b'bcecc1a1f599c158538bfac6b897a6c897587204'
2021-05-17 05:30:55,725 INFO Good Job
2021-05-17 05:30:55,990 INFO Last Processed Hash: b'bcecc1a1f599c158538bfac6b897a6c897587204'
2021-05-17 05:31:02,130 INFO Good Job
2021-05-17 05:31:02,786 INFO Last Processed Hash: b'bcecc1a1f599c158538bfac6b897a6c897587204'
2021-05-17 05:31:25,898 INFO Good Job
2021-05-17 05:31:26,133 INFO Last Processed Hash: b'bcecc1a1f599c158538bfac6b897a6c897587204'
2021-05-17 05:32:29,493 INFO Good Job
2021-05-17 05:32:30,586 INFO Last Processed Hash: b'bcecc1a1f599c158538bfac6b897a6c897587204'
2021-05-17 05:32:39,912 INFO Good Job
2021-05-17 05:32:40,147 INFO Last Processed Hash: b'bcecc1a1f599c158538bfac6b897a6c897587204'
2021-05-17 05:32:48,629 INFO Good Job
2021-05-17 05:32:48,785 INFO Last Processed Hash: b'bcecc1a1f599c158538bfac6b897a6c897587204'
2021-05-17 05:33:23,620 INFO Good Job
2021-05-17 05:33:24,698 INFO Last Processed Hash: b'bcecc1a1f599c158538bfac6b897a6c897587204'
2021-05-17 05:33:48,380 INFO Good Job
2021-05-17 05:33:48,583 INFO Last Processed Hash: b'bcecc1a1f599c158538bfac6b897a6c897587204'
2021-05-17 05:34:08,843 INFO Good Job
2021-05-17 05:34:09,718 INFO Last Processed Hash: b'bcecc1a1f599c158538bfac6b897a6c897587204'
2021-05-17 05:34:22,141 INFO Good Job
2021-05-17 05:34:23,390 INFO Last Processed Hash: b'bcecc1a1f599c158538bfac6b897a6c897587204'
2021-05-17 05:34:41,964 INFO Good Job
2021-05-17 05:34:42,120 INFO Last Processed Hash: b'bcecc1a1f599c158538bfac6b897a6c897587204'
2021-05-17 05:34:58,585 INFO Good Job
2021-05-17 05:35:00,804 INFO Last Processed Hash: b'bcecc1a1f599c158538bfac6b897a6c897587204'
2021-05-17 05:35:17,906 INFO Good Job
2021-05-17 05:35:18,328 INFO Last Processed Hash: b'bcecc1a1f599c158538bfac6b897a6c897587204'
2021-05-17 05:35:33,106 INFO Good Job
2021-05-17 05:35:34,106 INFO Last Processed Hash: b'bcecc1a1f599c158538bfac6b897a6c897587204'
2021-05-17 05:36:39,128 INFO Good Job
2021-05-17 05:36:40,112 INFO Last Processed Hash: b'bcecc1a1f599c158538bfac6b897a6c897587204'
2021-05-17 05:36:46,564 INFO Good Job
2021-05-17 05:36:47,063 INFO Last Processed Hash: b'bcecc1a1f599c158538bfac6b897a6c897587204'
2021-05-17 05:36:52,406 INFO Good Job
2021-05-17 05:36:53,484 INFO Last Processed Hash: b'bcecc1a1f599c158538bfac6b897a6c897587204'
2021-05-17 05:37:00,008 INFO Good Job
2021-05-17 05:37:01,023 INFO Last Processed Hash: b'bcecc1a1f599c158538bfac6b897a6c897587204'
2021-05-17 05:37:11,454 INFO Good Job
2021-05-17 05:37:11,610 INFO Last Processed Hash: b'bcecc1a1f599c158538bfac6b897a6c897587204'
2021-05-17 05:38:07,003 INFO Good Job
2021-05-17 05:38:08,112 INFO Last Processed Hash: b'bcecc1a1f599c158538bfac6b897a6c897587204'
2021-05-17 10:32:36,465 INFO Main function started
2021-05-17 10:32:44,508 INFO Starting Mining Thread
2021-05-17 10:32:44,508 INFO Starting Stats Thread
2021-05-17 10:32:46,851 INFO Last Processed Hash: b'bcecc1a1f599c158538bfac6b897a6c897587204'
2021-05-17 10:32:48,359 INFO Good Job
2021-05-17 10:32:49,640 INFO Last Processed Hash: b'bcecc1a1f599c158538bfac6b897a6c897587204'
2021-05-17 10:32:50,291 INFO Good Job
2021-05-17 10:32:50,525 INFO Last Processed Hash: b'bcecc1a1f599c158538bfac6b897a6c897587204'
2021-05-17 10:32:53,710 INFO Good Job
2021-05-17 10:32:55,163 INFO Last Processed Hash: b'bcecc1a1f599c158538bfac6b897a6c897587204'
2021-05-17 10:33:02,807 INFO Good Job
2021-05-17 10:33:04,197 INFO Last Processed Hash: b'bcecc1a1f599c158538bfac6b897a6c897587204'
2021-05-17 10:33:06,088 INFO Good Job
2021-05-17 10:33:07,275 INFO Last Processed Hash: b'bcecc1a1f599c158538bfac6b897a6c897587204'
2021-05-17 10:33:24,793 INFO Good Job
2021-05-17 10:33:25,308 INFO Last Processed Hash: b'bcecc1a1f599c158538bfac6b897a6c897587204'
2021-05-17 10:33:32,307 INFO Good Job
2021-05-17 10:33:32,646 INFO Last Processed Hash: b'bcecc1a1f599c158538bfac6b897a6c897587204'
2021-05-17 10:34:06,212 INFO Good Job
2021-05-17 10:34:09,429 INFO Last Processed Hash: b'bcecc1a1f599c158538bfac6b897a6c897587204'
2021-05-17 10:34:22,032 INFO Good Job
2021-05-17 10:34:22,266 INFO Last Processed Hash: b'bcecc1a1f599c158538bfac6b897a6c897587204'
2021-05-17 10:34:30,657 INFO Good Job
2021-05-17 10:34:32,720 INFO Last Processed Hash: b'bcecc1a1f599c158538bfac6b897a6c897587204'
2021-05-17 10:35:01,357 INFO Good Job
2021-05-17 10:35:03,021 INFO Last Processed Hash: b'bcecc1a1f599c158538bfac6b897a6c897587204'
2021-05-17 10:35:26,420 INFO Good Job
2021-05-17 10:35:27,495 INFO Last Processed Hash: b'bcecc1a1f599c158538bfac6b897a6c897587204'
2021-05-17 10:35:28,869 INFO Good Job
2021-05-17 10:35:29,100 INFO Last Processed Hash: b'bcecc1a1f599c158538bfac6b897a6c897587204'
2021-05-17 10:36:16,006 INFO Good Job
2021-05-17 10:36:17,999 INFO Last Processed Hash: b'bcecc1a1f599c158538bfac6b897a6c897587204'
2021-05-17 10:36:38,605 INFO Good Job
2021-05-17 10:36:38,824 INFO Last Processed Hash: b'bcecc1a1f599c158538bfac6b897a6c897587204'
2021-05-17 10:36:42,075 INFO Good Job
2021-05-17 10:36:43,466 INFO Last Processed Hash: b'bcecc1a1f599c158538bfac6b897a6c897587204'
2021-05-17 10:37:26,277 INFO Good Job
2021-05-17 10:37:26,809 INFO Last Processed Hash: b'bcecc1a1f599c158538bfac6b897a6c897587204'
2021-05-17 10:37:28,730 INFO Good Job
2021-05-17 10:37:28,996 INFO Last Processed Hash: b'bcecc1a1f599c158538bfac6b897a6c897587204'
2021-05-17 10:37:33,624 INFO Good Job
2021-05-17 10:37:35,252 INFO Last Processed Hash: b'bcecc1a1f599c158538bfac6b897a6c897587204'
2021-05-17 10:37:43,327 INFO Good Job
2021-05-17 10:37:43,815 INFO Last Processed Hash: b'bcecc1a1f599c158538bfac6b897a6c897587204'
2021-05-17 10:37:55,253 INFO Good Job
2021-05-17 10:37:55,488 INFO Last Processed Hash: b'bcecc1a1f599c158538bfac6b897a6c897587204'
2021-05-17 10:38:13,401 INFO Good Job
2021-05-17 10:38:13,683 INFO Last Processed Hash: b'bcecc1a1f599c158538bfac6b897a6c897587204'
2021-05-17 10:38:27,767 INFO Good Job
2021-05-17 10:38:29,280 INFO Last Processed Hash: b'bcecc1a1f599c158538bfac6b897a6c897587204'
2021-05-17 10:38:53,824 INFO Good Job
2021-05-17 10:38:55,620 INFO Last Processed Hash: b'bcecc1a1f599c158538bfac6b897a6c897587204'
2021-05-17 10:39:00,225 INFO Good Job
2021-05-17 10:39:02,245 INFO Last Processed Hash: b'bcecc1a1f599c158538bfac6b897a6c897587204'
2021-05-17 10:39:32,082 INFO Good Job
2021-05-17 10:39:33,268 INFO Last Processed Hash: b'bcecc1a1f599c158538bfac6b897a6c897587204'
2021-05-17 10:40:01,469 INFO Good Job
2021-05-17 10:40:04,171 INFO Last Processed Hash: b'bcecc1a1f599c158538bfac6b897a6c897587204'
2021-05-17 10:40:18,252 INFO Good Job
2021-05-17 10:40:21,285 INFO Last Processed Hash: b'bcecc1a1f599c158538bfac6b897a6c897587204'
2021-05-17 10:40:41,511 INFO Good Job
2021-05-17 10:40:42,483 INFO Last Processed Hash: b'bcecc1a1f599c158538bfac6b897a6c897587204'
2021-05-17 10:41:16,100 INFO Good Job
2021-05-17 10:41:16,708 INFO Last Processed Hash: b'bcecc1a1f599c158538bfac6b897a6c897587204'
2021-05-17 10:41:33,601 INFO Good Job
2021-05-17 10:41:34,124 INFO Last Processed Hash: b'bcecc1a1f599c158538bfac6b897a6c897587204'
2021-05-17 10:41:37,324 INFO Good Job
2021-05-17 10:41:38,445 INFO Last Processed Hash: b'bcecc1a1f599c158538bfac6b897a6c897587204'
2021-05-17 10:42:06,333 INFO Good Job
2021-05-17 10:42:06,724 INFO Last Processed Hash: b'bcecc1a1f599c158538bfac6b897a6c897587204'
2021-05-17 10:42:27,841 INFO Good Job
2021-05-17 10:42:28,731 INFO Last Processed Hash: b'bcecc1a1f599c158538bfac6b897a6c897587204'
2021-05-17 10:42:39,983 INFO Good Job
2021-05-17 10:42:40,556 INFO Last Processed Hash: b'bcecc1a1f599c158538bfac6b897a6c897587204'
2021-05-17 10:42:51,784 INFO Good Job
2021-05-17 10:42:54,193 INFO Last Processed Hash: b'bcecc1a1f599c158538bfac6b897a6c897587204'
2021-05-17 10:43:14,417 INFO Good Job
2021-05-17 10:43:14,732 INFO Last Processed Hash: b'bcecc1a1f599c158538bfac6b897a6c897587204'
2021-05-17 10:44:11,122 INFO Good Job
2021-05-17 10:44:13,765 INFO Last Processed Hash: b'bcecc1a1f599c158538bfac6b897a6c897587204'
2021-05-17 10:44:34,340 INFO Good Job
2021-05-17 10:44:34,576 INFO Last Processed Hash: b'bcecc1a1f599c158538bfac6b897a6c897587204'
2021-05-17 10:44:48,853 INFO Good Job
2021-05-17 10:44:49,287 INFO Last Processed Hash: b'bcecc1a1f599c158538bfac6b897a6c897587204'
2021-05-17 10:45:09,296 INFO Good Job
2021-05-17 10:45:09,585 INFO Last Processed Hash: b'bcecc1a1f599c158538bfac6b897a6c897587204'
2021-05-17 10:45:12,628 INFO Good Job
2021-05-17 10:45:13,206 INFO Last Processed Hash: b'bcecc1a1f599c158538bfac6b897a6c897587204'
2021-05-17 10:45:42,464 INFO Good Job
2021-05-17 10:45:44,480 INFO Last Processed Hash: b'bcecc1a1f599c158538bfac6b897a6c897587204'
2021-05-17 10:45:55,281 INFO Good Job
2021-05-17 10:45:56,484 INFO Last Processed Hash: b'bcecc1a1f599c158538bfac6b897a6c897587204'
2021-05-17 10:46:45,719 INFO Good Job
2021-05-17 10:46:47,124 INFO Last Processed Hash: b'bcecc1a1f599c158538bfac6b897a6c897587204'
2021-05-17 10:47:01,072 INFO Good Job
2021-05-17 10:47:02,528 INFO Last Processed Hash: b'bcecc1a1f599c158538bfac6b897a6c897587204'
2021-05-17 10:47:14,822 INFO Good Job
2021-05-17 10:47:15,823 INFO Last Processed Hash: b'bcecc1a1f599c158538bfac6b897a6c897587204'
2021-05-17 10:47:44,785 INFO Good Job
2021-05-17 10:47:46,047 INFO Last Processed Hash: b'bcecc1a1f599c158538bfac6b897a6c897587204'
2021-05-17 10:48:08,928 INFO Good Job
2021-05-17 10:48:10,551 INFO Last Processed Hash: b'bcecc1a1f599c158538bfac6b897a6c897587204'
2021-05-17 10:48:31,234 INFO Good Job
2021-05-17 10:48:32,174 INFO Last Processed Hash: b'bcecc1a1f599c158538bfac6b897a6c897587204'
2021-05-17 10:48:54,711 INFO Good Job
2021-05-17 10:48:55,852 INFO Last Processed Hash: b'bcecc1a1f599c158538bfac6b897a6c897587204'
2021-05-17 10:49:03,229 INFO Good Job
2021-05-17 10:49:04,589 INFO Last Processed Hash: b'bcecc1a1f599c158538bfac6b897a6c897587204'
2021-05-17 10:49:36,163 INFO Good Job
2021-05-17 10:49:37,740 INFO Last Processed Hash: b'bcecc1a1f599c158538bfac6b897a6c897587204'
2021-05-17 10:49:49,291 INFO Good Job
2021-05-17 10:49:50,150 INFO Last Processed Hash: b'bcecc1a1f599c158538bfac6b897a6c897587204'
2021-05-17 10:50:16,429 INFO Good Job
2021-05-17 10:50:19,801 INFO Last Processed Hash: b'bcecc1a1f599c158538bfac6b897a6c897587204'
2021-05-17 10:50:39,668 INFO Good Job
2021-05-17 10:50:41,824 INFO Last Processed Hash: b'bcecc1a1f599c158538bfac6b897a6c897587204'
2021-05-17 10:51:02,482 INFO Good Job
2021-05-17 10:51:04,299 INFO Last Processed Hash: b'bcecc1a1f599c158538bfac6b897a6c897587204'
2021-05-17 10:51:05,096 INFO Good Job
2021-05-17 10:51:06,237 INFO Last Processed Hash: b'bcecc1a1f599c158538bfac6b897a6c897587204'
2021-05-17 10:52:03,958 INFO Good Job
2021-05-17 10:52:04,880 INFO Last Processed Hash: b'bcecc1a1f599c158538bfac6b897a6c897587204'
2021-05-17 10:52:13,946 INFO Good Job
2021-05-17 10:52:15,165 INFO Last Processed Hash: b'bcecc1a1f599c158538bfac6b897a6c897587204'
2021-05-17 10:52:32,036 INFO Good Job
2021-05-17 10:52:32,829 INFO Last Processed Hash: b'bcecc1a1f599c158538bfac6b897a6c897587204'
2021-05-17 10:53:03,969 INFO Good Job
2021-05-17 10:53:06,041 INFO Last Processed Hash: b'bcecc1a1f599c158538bfac6b897a6c897587204'
2021-05-17 10:53:10,859 INFO Good Job
2021-05-17 10:53:15,263 INFO Last Processed Hash: b'bcecc1a1f599c158538bfac6b897a6c897587204'
2021-05-17 10:53:27,214 INFO Good Job
2021-05-17 10:53:28,172 INFO Last Processed Hash: b'bcecc1a1f599c158538bfac6b897a6c897587204'
2021-05-17 10:54:25,455 INFO Good Job
2021-05-17 10:54:26,502 INFO Last Processed Hash: b'bcecc1a1f599c158538bfac6b897a6c897587204'
2021-05-17 10:54:47,105 INFO Good Job
2021-05-17 10:54:49,057 INFO Last Processed Hash: b'bcecc1a1f599c158538bfac6b897a6c897587204'
2021-05-17 10:54:55,919 INFO Good Job
2021-05-17 10:54:57,747 INFO Last Processed Hash: b'bcecc1a1f599c158538bfac6b897a6c897587204'
2021-05-17 10:55:03,538 INFO Good Job
2021-05-17 10:55:04,281 INFO Last Processed Hash: b'bcecc1a1f599c158538bfac6b897a6c897587204'
2021-05-17 10:55:39,979 INFO Good Job
2021-05-17 10:55:41,511 INFO Last Processed Hash: b'bcecc1a1f599c158538bfac6b897a6c897587204'
2021-05-17 10:55:51,153 INFO Good Job
2021-05-17 10:55:52,935 INFO Last Processed Hash: b'bcecc1a1f599c158538bfac6b897a6c897587204'
2021-05-17 10:56:16,052 INFO Good Job
2021-05-17 10:56:17,741 INFO Last Processed Hash: b'bcecc1a1f599c158538bfac6b897a6c897587204'
2021-05-17 10:56:45,093 INFO Good Job
2021-05-17 10:56:46,187 INFO Last Processed Hash: b'bcecc1a1f599c158538bfac6b897a6c897587204'
2021-05-17 10:57:12,446 INFO Good Job
2021-05-17 10:57:13,807 INFO Last Processed Hash: b'bcecc1a1f599c158538bfac6b897a6c897587204'
2021-05-17 10:57:20,887 INFO Good Job
2021-05-17 10:57:21,277 INFO Last Processed Hash: b'bcecc1a1f599c158538bfac6b897a6c897587204'
2021-05-17 10:57:29,419 INFO Good Job
2021-05-17 10:57:31,014 INFO Last Processed Hash: b'bcecc1a1f599c158538bfac6b897a6c897587204'
2021-05-17 10:58:15,714 INFO Good Job
2021-05-17 10:58:16,559 INFO Last Processed Hash: b'bcecc1a1f599c158538bfac6b897a6c897587204'
2021-05-17 10:58:36,706 INFO Good Job
2021-05-17 10:58:41,084 INFO Last Processed Hash: b'bcecc1a1f599c158538bfac6b897a6c897587204'
2021-05-17 10:59:08,184 INFO Good Job
2021-05-17 10:59:09,780 INFO Last Processed Hash: b'bcecc1a1f599c158538bfac6b897a6c897587204'
2021-05-17 10:59:19,203 INFO Good Job
2021-05-17 10:59:20,361 INFO Last Processed Hash: b'bcecc1a1f599c158538bfac6b897a6c897587204'
2021-05-17 10:59:29,385 INFO Good Job
2021-05-17 10:59:33,992 INFO Last Processed Hash: b'bcecc1a1f599c158538bfac6b897a6c897587204'
2021-05-17 10:59:53,887 INFO Good Job
2021-05-17 10:59:55,435 INFO Last Processed Hash: b'bcecc1a1f599c158538bfac6b897a6c897587204'
2021-05-17 11:00:42,747 INFO Good Job
2021-05-17 11:00:43,387 INFO Last Processed Hash: b'bcecc1a1f599c158538bfac6b897a6c897587204'
2021-05-17 11:00:50,188 INFO Good Job
2021-05-17 11:00:51,686 INFO Last Processed Hash: b'bcecc1a1f599c158538bfac6b897a6c897587204'
2021-05-17 11:00:55,516 INFO Good Job
2021-05-17 11:00:57,360 INFO Last Processed Hash: b'bcecc1a1f599c158538bfac6b897a6c897587204'
2021-05-17 11:01:32,558 INFO Good Job
2021-05-17 11:01:34,374 INFO Last Processed Hash: b'bcecc1a1f599c158538bfac6b897a6c897587204'
2021-05-17 11:01:37,402 INFO Good Job
2021-05-17 11:01:37,888 INFO Last Processed Hash: b'bcecc1a1f599c158538bfac6b897a6c897587204'
2021-05-17 11:02:09,384 INFO Good Job
2021-05-17 11:02:10,382 INFO Last Processed Hash: b'bcecc1a1f599c158538bfac6b897a6c897587204'
2021-05-17 11:02:37,452 INFO Good Job
2021-05-17 11:02:39,141 INFO Last Processed Hash: b'bcecc1a1f599c158538bfac6b897a6c897587204'
2021-05-17 11:02:44,941 INFO Good Job
2021-05-17 11:02:46,347 INFO Last Processed Hash: b'bcecc1a1f599c158538bfac6b897a6c897587204'
2021-05-17 11:02:55,711 INFO Good Job
2021-05-17 11:02:57,492 INFO Last Processed Hash: b'bcecc1a1f599c158538bfac6b897a6c897587204'
2021-05-17 11:03:30,110 INFO Good Job
2021-05-17 11:03:32,576 INFO Last Processed Hash: b'bcecc1a1f599c158538bfac6b897a6c897587204'
2021-05-17 11:03:46,288 INFO Good Job
2021-05-17 11:03:48,331 INFO Last Processed Hash: b'bcecc1a1f599c158538bfac6b897a6c897587204'
2021-05-17 11:04:10,797 INFO Good Job
2021-05-17 11:04:11,736 INFO Last Processed Hash: b'bcecc1a1f599c158538bfac6b897a6c897587204'
2021-05-17 11:04:23,440 INFO Good Job
2021-05-17 11:04:24,050 INFO Last Processed Hash: b'bcecc1a1f599c158538bfac6b897a6c897587204'
2021-05-17 11:04:49,308 INFO Good Job
2021-05-17 11:04:50,293 INFO Last Processed Hash: b'bcecc1a1f599c158538bfac6b897a6c897587204'
2021-05-17 11:05:12,529 INFO Good Job
2021-05-17 11:05:13,539 INFO Last Processed Hash: b'bcecc1a1f599c158538bfac6b897a6c897587204'
2021-05-17 11:05:58,172 INFO Good Job
2021-05-17 11:05:59,736 INFO Last Processed Hash: b'bcecc1a1f599c158538bfac6b897a6c897587204'
2021-05-17 11:06:18,179 INFO Good Job
2021-05-17 11:06:19,290 INFO Last Processed Hash: b'bcecc1a1f599c158538bfac6b897a6c897587204'
2021-05-17 11:06:39,608 INFO Good Job
2021-05-17 11:06:41,391 INFO Last Processed Hash: b'bcecc1a1f599c158538bfac6b897a6c897587204'
2021-05-17 11:06:50,737 INFO Good Job
2021-05-17 11:06:52,237 INFO Last Processed Hash: b'bcecc1a1f599c158538bfac6b897a6c897587204'
2021-05-17 11:07:05,928 INFO Good Job
2021-05-17 11:07:07,634 INFO Last Processed Hash: b'bcecc1a1f599c158538bfac6b897a6c897587204'
2021-05-17 11:07:45,128 INFO Good Job
2021-05-17 11:07:47,958 INFO Last Processed Hash: b'bcecc1a1f599c158538bfac6b897a6c897587204'
2021-05-17 11:08:01,134 INFO Good Job
2021-05-17 11:08:02,289 INFO Last Processed Hash: b'bcecc1a1f599c158538bfac6b897a6c897587204'
2021-05-17 11:08:03,778 INFO Good Job
2021-05-17 11:08:06,238 INFO Last Processed Hash: b'bcecc1a1f599c158538bfac6b897a6c897587204'
2021-05-17 11:08:23,077 INFO Good Job
2021-05-17 11:08:25,360 INFO Last Processed Hash: b'bcecc1a1f599c158538bfac6b897a6c897587204'
2021-05-17 11:09:16,158 INFO Good Job
2021-05-17 11:09:17,728 INFO Last Processed Hash: b'bcecc1a1f599c158538bfac6b897a6c897587204'
2021-05-17 11:09:35,507 INFO Good Job
2021-05-17 11:09:36,977 INFO Last Processed Hash: b'bcecc1a1f599c158538bfac6b897a6c897587204'
2021-05-17 11:09:55,576 INFO Good Job
2021-05-17 11:09:59,188 INFO Last Processed Hash: b'bcecc1a1f599c158538bfac6b897a6c897587204'
2021-05-17 11:10:16,237 INFO Good Job
2021-05-17 11:10:17,882 INFO Last Processed Hash: b'bcecc1a1f599c158538bfac6b897a6c897587204'
2021-05-17 11:10:41,341 INFO Good Job
2021-05-17 11:10:42,638 INFO Last Processed Hash: b'bcecc1a1f599c158538bfac6b897a6c897587204'
2021-05-17 11:10:44,265 INFO Good Job
2021-05-17 11:10:45,077 INFO Last Processed Hash: b'bcecc1a1f599c158538bfac6b897a6c897587204'
2021-05-17 11:10:51,625 INFO Good Job
2021-05-17 11:10:53,500 INFO Last Processed Hash: b'bcecc1a1f599c158538bfac6b897a6c897587204'
2021-05-17 11:12:04,178 INFO Good Job
2021-05-17 11:12:06,133 INFO Last Processed Hash: b'bcecc1a1f599c158538bfac6b897a6c897587204'
2021-05-17 11:12:17,183 INFO Good Job
2021-05-17 11:12:18,965 INFO Last Processed Hash: b'bcecc1a1f599c158538bfac6b897a6c897587204'
2021-05-17 11:12:53,396 INFO Good Job
2021-05-17 11:12:53,773 INFO Last Processed Hash: b'bcecc1a1f599c158538bfac6b897a6c897587204'
2021-05-17 11:13:00,916 INFO Good Job
2021-05-17 11:13:02,480 INFO Last Processed Hash: b'bcecc1a1f599c158538bfac6b897a6c897587204'
2021-05-17 11:13:09,575 INFO Good Job
2021-05-17 11:13:10,748 INFO Last Processed Hash: b'bcecc1a1f599c158538bfac6b897a6c897587204'
2021-05-17 11:13:51,824 INFO Good Job
2021-05-17 11:13:53,989 INFO Last Processed Hash: b'bcecc1a1f599c158538bfac6b897a6c897587204'
2021-05-17 11:14:01,386 INFO Good Job
2021-05-17 11:14:04,037 INFO Last Processed Hash: b'bcecc1a1f599c158538bfac6b897a6c897587204'
2021-05-17 11:14:13,289 INFO Good Job
2021-05-17 11:14:14,362 INFO Last Processed Hash: b'bcecc1a1f599c158538bfac6b897a6c897587204'
2021-05-17 11:14:18,687 INFO Good Job
2021-05-17 11:14:19,542 INFO Last Processed Hash: b'bcecc1a1f599c158538bfac6b897a6c897587204'
2021-05-17 11:14:42,515 INFO Good Job
2021-05-17 11:14:44,045 INFO Last Processed Hash: b'bcecc1a1f599c158538bfac6b897a6c897587204'
2021-05-17 11:15:10,286 INFO Good Job
2021-05-17 11:15:11,647 INFO Last Processed Hash: b'bcecc1a1f599c158538bfac6b897a6c897587204'
2021-05-17 11:15:32,184 INFO Good Job
2021-05-17 11:15:32,770 INFO Last Processed Hash: b'bcecc1a1f599c158538bfac6b897a6c897587204'
2021-05-17 11:15:57,894 INFO Good Job
2021-05-17 11:15:58,897 INFO Last Processed Hash: b'bcecc1a1f599c158538bfac6b897a6c897587204'
2021-05-17 11:16:14,364 INFO Good Job
2021-05-17 11:16:15,648 INFO Last Processed Hash: b'bcecc1a1f599c158538bfac6b897a6c897587204'
2021-05-17 11:16:40,463 INFO Good Job
2021-05-17 11:16:41,278 INFO Last Processed Hash: b'bcecc1a1f599c158538bfac6b897a6c897587204'
2021-05-17 11:16:51,223 INFO Good Job
2021-05-17 11:16:53,057 INFO Last Processed Hash: b'bcecc1a1f599c158538bfac6b897a6c897587204'
2021-05-17 11:17:10,860 INFO Good Job
2021-05-17 11:17:12,131 INFO Last Processed Hash: b'bcecc1a1f599c158538bfac6b897a6c897587204'
2021-05-17 11:17:50,575 INFO Good Job
2021-05-17 11:17:51,784 INFO Last Processed Hash: b'bcecc1a1f599c158538bfac6b897a6c897587204'
2021-05-17 11:17:57,196 INFO Good Job
2021-05-17 11:17:58,844 INFO Last Processed Hash: b'bcecc1a1f599c158538bfac6b897a6c897587204'
2021-05-17 11:18:10,063 INFO Good Job
2021-05-17 11:18:12,407 INFO Last Processed Hash: b'bcecc1a1f599c158538bfac6b897a6c897587204'
2021-05-17 11:18:27,812 INFO Good Job
2021-05-17 11:18:29,682 INFO Last Processed Hash: b'bcecc1a1f599c158538bfac6b897a6c897587204'
2021-05-17 11:18:42,810 INFO Good Job
2021-05-17 11:18:44,303 INFO Last Processed Hash: b'bcecc1a1f599c158538bfac6b897a6c897587204'
2021-05-17 11:18:57,547 INFO Main function started
2021-05-17 11:19:22,614 INFO Good Job
2021-05-17 11:19:23,488 INFO Last Processed Hash: b'bcecc1a1f599c158538bfac6b897a6c897587204'
2021-05-17 11:19:29,972 INFO Main function started
2021-05-17 11:19:35,018 INFO Starting Mining Thread
2021-05-17 11:19:35,018 INFO Starting Stats Thread
2021-05-17 11:19:38,611 INFO Good Job
2021-05-17 11:19:38,908 INFO Last Processed Hash: b'bcecc1a1f599c158538bfac6b897a6c897587204'
2021-05-17 11:19:40,095 INFO Last Processed Hash: b'bcecc1a1f599c158538bfac6b897a6c897587204'
2021-05-17 11:19:40,282 INFO Good Job
2021-05-17 11:19:42,110 INFO Last Processed Hash: b'bcecc1a1f599c158538bfac6b897a6c897587204'
2021-05-17 11:19:46,000 INFO Good Job
2021-05-17 11:19:46,828 INFO Last Processed Hash: b'bcecc1a1f599c158538bfac6b897a6c897587204'
2021-05-17 11:19:54,268 INFO Good Job
2021-05-17 11:19:56,403 INFO Good Job
2021-05-17 11:19:57,465 INFO Last Processed Hash: b'bcecc1a1f599c158538bfac6b897a6c897587204'
2021-05-17 11:20:13,864 INFO Good Job
2021-05-17 11:20:15,167 INFO Last Processed Hash: b'bcecc1a1f599c158538bfac6b897a6c897587204'
2021-05-17 11:20:21,518 INFO Good Job
2021-05-17 11:20:24,269 INFO Last Processed Hash: b'bcecc1a1f599c158538bfac6b897a6c897587204'
2021-05-17 11:21:14,565 INFO Good Job
2021-05-17 11:21:16,034 INFO Last Processed Hash: b'bcecc1a1f599c158538bfac6b897a6c897587204'
2021-05-17 11:21:24,419 INFO Good Job
2021-05-17 11:21:26,638 INFO Last Processed Hash: b'bcecc1a1f599c158538bfac6b897a6c897587204'
2021-05-17 11:21:33,297 INFO Good Job
2021-05-17 11:21:35,207 INFO Last Processed Hash: b'bcecc1a1f599c158538bfac6b897a6c897587204'
2021-05-17 11:22:30,894 INFO Good Job
2021-05-17 11:22:31,793 INFO Last Processed Hash: b'bcecc1a1f599c158538bfac6b897a6c897587204'
2021-05-17 11:22:39,032 INFO Good Job
2021-05-17 11:22:40,235 INFO Last Processed Hash: b'bcecc1a1f599c158538bfac6b897a6c897587204'
2021-05-17 11:22:41,780 INFO Good Job
2021-05-17 11:22:43,566 INFO Last Processed Hash: b'bcecc1a1f599c158538bfac6b897a6c897587204'
2021-05-17 11:22:57,890 INFO Good Job
2021-05-17 11:22:59,856 INFO Last Processed Hash: b'bcecc1a1f599c158538bfac6b897a6c897587204'
2021-05-17 11:23:06,271 INFO Good Job
2021-05-17 11:23:08,264 INFO Last Processed Hash: b'bcecc1a1f599c158538bfac6b897a6c897587204'
2021-05-17 11:24:19,409 INFO Main function started
2021-05-17 11:24:23,921 INFO Starting Mining Thread
2021-05-17 11:24:23,921 INFO Starting Stats Thread
2021-05-17 11:24:27,328 INFO Last Processed Hash: b'bcecc1a1f599c158538bfac6b897a6c897587204'
2021-05-17 11:24:29,109 INFO Good Job
2021-05-17 11:24:29,937 INFO Last Processed Hash: b'bcecc1a1f599c158538bfac6b897a6c897587204'
2021-05-17 11:24:34,046 INFO Good Job
2021-05-17 11:24:35,373 INFO Last Processed Hash: b'bcecc1a1f599c158538bfac6b897a6c897587204'
2021-05-17 11:24:42,155 INFO Good Job
2021-05-17 11:24:44,045 INFO Last Processed Hash: b'bcecc1a1f599c158538bfac6b897a6c897587204'
2021-05-17 11:24:50,421 INFO Good Job
2021-05-17 11:24:51,939 INFO Last Processed Hash: b'bcecc1a1f599c158538bfac6b897a6c897587204'
2021-05-17 11:25:00,317 INFO Good Job
2021-05-17 11:25:01,239 INFO Last Processed Hash: b'bcecc1a1f599c158538bfac6b897a6c897587204'
2021-05-17 11:25:11,635 INFO Last Processed Hash: b'bcecc1a1f599c158538bfac6b897a6c897587204'
2021-05-17 11:25:13,478 INFO Good Job
2021-05-17 11:25:17,733 INFO Last Processed Hash: b'bcecc1a1f599c158538bfac6b897a6c897587204'
2021-05-17 11:25:20,789 INFO Good Job
2021-05-17 11:25:21,268 INFO Last Processed Hash: b'bcecc1a1f599c158538bfac6b897a6c897587204'
2021-05-17 11:25:26,239 INFO Good Job
2021-05-17 11:25:28,089 INFO Last Processed Hash: b'bcecc1a1f599c158538bfac6b897a6c897587204'
2021-05-17 11:25:34,706 INFO Good Job
2021-05-17 11:25:36,738 INFO Last Processed Hash: b'bcecc1a1f599c158538bfac6b897a6c897587204'
2021-05-17 11:25:39,891 INFO Good Job
2021-05-17 11:25:41,297 INFO Last Processed Hash: b'bcecc1a1f599c158538bfac6b897a6c897587204'
2021-05-17 11:25:53,450 INFO Good Job
2021-05-17 11:25:54,289 INFO Last Processed Hash: b'bcecc1a1f599c158538bfac6b897a6c897587204'
2021-05-17 11:26:14,036 INFO Good Job
2021-05-17 11:26:14,696 INFO Last Processed Hash: b'bcecc1a1f599c158538bfac6b897a6c897587204'
2021-05-17 11:26:41,067 INFO Good Job
2021-05-17 11:26:42,234 INFO Last Processed Hash: b'bcecc1a1f599c158538bfac6b897a6c897587204'
2021-05-17 11:26:57,546 INFO Good Job
2021-05-17 11:26:59,550 INFO Last Processed Hash: b'bcecc1a1f599c158538bfac6b897a6c897587204'
2021-05-17 11:27:26,551 INFO Good Job
2021-05-17 11:27:27,490 INFO Last Processed Hash: b'bcecc1a1f599c158538bfac6b897a6c897587204'
2021-05-17 11:27:51,656 INFO Good Job
2021-05-17 11:27:53,194 INFO Last Processed Hash: b'bcecc1a1f599c158538bfac6b897a6c897587204'
2021-05-17 11:27:56,244 INFO Good Job
2021-05-17 11:27:58,444 INFO Last Processed Hash: b'bcecc1a1f599c158538bfac6b897a6c897587204'
2021-05-17 11:28:19,945 INFO Good Job
2021-05-17 11:28:20,575 INFO Last Processed Hash: b'bcecc1a1f599c158538bfac6b897a6c897587204'
2021-05-17 11:28:45,702 INFO Good Job
2021-05-17 11:28:46,349 INFO Last Processed Hash: b'bcecc1a1f599c158538bfac6b897a6c897587204'
2021-05-17 11:29:19,100 INFO Good Job
2021-05-17 11:29:22,120 INFO Last Processed Hash: b'bcecc1a1f599c158538bfac6b897a6c897587204'
2021-05-17 11:29:34,576 INFO Good Job
2021-05-17 11:29:35,748 INFO Last Processed Hash: b'bcecc1a1f599c158538bfac6b897a6c897587204'
2021-05-17 11:29:59,600 INFO Good Job
2021-05-17 11:30:00,508 INFO Last Processed Hash: b'bcecc1a1f599c158538bfac6b897a6c897587204'
2021-05-17 11:30:28,081 INFO Good Job
2021-05-17 11:30:29,735 INFO Last Processed Hash: b'bcecc1a1f599c158538bfac6b897a6c897587204'
2021-05-17 11:30:39,604 INFO Good Job
2021-05-17 11:30:40,541 INFO Last Processed Hash: b'bcecc1a1f599c158538bfac6b897a6c897587204'
2021-05-17 11:30:51,747 INFO Good Job
2021-05-17 11:30:57,308 INFO Last Processed Hash: b'bcecc1a1f599c158538bfac6b897a6c897587204'
2021-05-17 11:31:20,839 INFO Main function started
2021-05-17 11:31:25,094 INFO Starting Mining Thread
2021-05-17 11:31:25,094 INFO Starting Stats Thread
2021-05-17 11:31:27,598 INFO Last Processed Hash: b'bcecc1a1f599c158538bfac6b897a6c897587204'
2021-05-17 11:31:28,489 INFO Good Job
2021-05-17 11:31:30,730 INFO Last Processed Hash: b'bcecc1a1f599c158538bfac6b897a6c897587204'
2021-05-17 11:31:33,552 INFO Good Job
2021-05-17 11:31:36,196 INFO Last Processed Hash: b'bcecc1a1f599c158538bfac6b897a6c897587204'
2021-05-17 11:31:45,515 INFO Good Job
2021-05-17 11:31:46,631 INFO Last Processed Hash: b'bcecc1a1f599c158538bfac6b897a6c897587204'
2021-05-17 11:31:48,762 INFO Good Job
2021-05-17 11:31:52,609 INFO Last Processed Hash: b'bcecc1a1f599c158538bfac6b897a6c897587204'
2021-05-17 11:32:02,449 INFO Good Job
2021-05-17 11:32:04,223 INFO Last Processed Hash: b'bcecc1a1f599c158538bfac6b897a6c897587204'
